[0.012s] Invoking command in '/home/magnum/simuate_ws/src/robot/src/propotional_bump_go/build/propotional_bump_go': CMAKE_PREFIX_PATH=${CMAKE_PREFIX_PATH}:/opt/ros/foxy /usr/bin/cmake --build /home/magnum/simuate_ws/src/robot/src/propotional_bump_go/build/propotional_bump_go -- -j8 -l8
[0.035s] [ 50%] [32mBuilding CXX object CMakeFiles/bump_go_node.dir/src/bump_go_node.cpp.o[0m
[0.922s] In file included from [01m[K/home/magnum/simuate_ws/src/robot/src/propotional_bump_go/src/bump_go_node.cpp:2[m[K:
[0.922s] [01m[K/home/magnum/simuate_ws/src/robot/src/propotional_bump_go/src/bump_go.hpp:48:2:[m[K [01;35m[Kwarning: [m[Kextra â€˜[01m[K;[m[Kâ€™ [[01;35m[K-Wpedantic[m[K]
[0.922s]    48 | }[01;35m[K;[m[K//namespace bump_go_cpp
[0.922s]       |  [01;35m[K^[m[K
[0.930s] In file included from [01m[K/opt/ros/foxy/include/rclcpp/context.hpp:19[m[K,
[0.931s]                  from [01m[K/opt/ros/foxy/include/rclcpp/contexts/default_context.hpp:18[m[K,
[0.931s]                  from [01m[K/opt/ros/foxy/include/rclcpp/executor.hpp:32[m[K,
[0.931s]                  from [01m[K/opt/ros/foxy/include/rclcpp/executors/multi_threaded_executor.hpp:26[m[K,
[0.931s]                  from [01m[K/opt/ros/foxy/include/rclcpp/executors.hpp:21[m[K,
[0.931s]                  from [01m[K/opt/ros/foxy/include/rclcpp/rclcpp.hpp:146[m[K,
[0.931s]                  from [01m[K/home/magnum/simuate_ws/src/robot/src/propotional_bump_go/src/bump_go.hpp:4[m[K,
[0.931s]                  from [01m[K/home/magnum/simuate_ws/src/robot/src/propotional_bump_go/src/bump_go_node.cpp:2[m[K:
[0.931s] /usr/include/c++/9/functional: In instantiation of â€˜[01m[Kstruct std::_Bind_check_arity<void (bump_go_cpp::bump_go::*)()>[m[Kâ€™:
[0.931s] [01m[K/usr/include/c++/9/functional:787:12:[m[K   required from â€˜[01m[Kstruct std::_Bind_helper<false, void (bump_go_cpp::bump_go::*)()>[m[Kâ€™
[0.931s] [01m[K/usr/include/c++/9/functional:808:5:[m[K   required by substitution of â€˜[01m[Ktemplate<class _Func, class ... _BoundArgs> typename std::_Bind_helper<std::__is_socketlike<_Func>::value, _Func, _BoundArgs ...>::type std::bind(_Func&&, _BoundArgs&& ...) [with _Func = void (bump_go_cpp::bump_go::*)(); _BoundArgs = {}][m[Kâ€™
[0.931s] [01m[K/home/magnum/simuate_ws/src/robot/src/propotional_bump_go/src/bump_go_node.cpp:14:84:[m[K   required from here
[0.931s] [01m[K/usr/include/c++/9/functional:775:7:[m[K [01;31m[Kerror: [m[Kstatic assertion failed: Wrong number of arguments for pointer-to-member
[0.931s]   774 |       static_assert(_Varargs::[01;31m[Kvalue[m[K
[0.931s]       |                               [01;31m[K~~~~~[m[K
[0.931s]   775 | [01;31m[K      ? sizeof...(_BoundArgs) >= _Arity::value + 1[m[K
[0.931s]       |       [01;31m[K^~~~~~~~~~~~~~~~~~~~~~~~~~~~~~~~~~~~~~~~~~~~[m[K
[0.931s]   776 | [01;31m[K      : sizeof...(_BoundArgs) == _Arity::value + 1[m[K,
[0.932s]       |       [01;31m[K~~~~~~~~~~~~~~~~~~~~~~~~~~~~~~~~~~~~~~~~~~~~[m[K
[0.932s] /usr/include/c++/9/functional: In substitution of â€˜[01m[Ktemplate<class _Functor, class ... _Bound_args> template<class _Fn, class _CallArgs, class ... _BArgs> using _Res_type_impl = typename std::result_of<_Fn&(std::_Bind<_Functor(_Bound_args ...)>::_Mu_type<_BArgs, _CallArgs>&& ...)>::type [with _Fn = void (bump_go_cpp::bump_go::*)(); _CallArgs = _CallArgs; _BArgs = {}; _Functor = void (bump_go_cpp::bump_go::*)(); _Bound_args = {}][m[Kâ€™:
[0.932s] [01m[K/usr/include/c++/9/functional:447:8:[m[K   required from â€˜[01m[Kstruct std::_Bind<void (bump_go_cpp::bump_go::*())()>[m[Kâ€™
[0.932s] [01m[K/home/magnum/simuate_ws/src/robot/src/propotional_bump_go/src/bump_go_node.cpp:14:84:[m[K   required from here
[0.932s] [01m[K/usr/include/c++/9/functional:443:8:[m[K [01;31m[Kerror: [m[Kno type named â€˜[01m[Ktype[m[Kâ€™ in â€˜[01m[Kclass std::result_of<void (bump_go_cpp::bump_go::*&())()>[m[Kâ€™
[0.932s]   443 |  using [01;31m[K_Res_type_impl[m[K
[0.932s]       |        [01;31m[K^~~~~~~~~~~~~~[m[K
[0.932s] /usr/include/c++/9/functional: In substitution of â€˜[01m[Ktemplate<class _Functor, class ... _Bound_args> template<class _Fn, class _CallArgs, class ... _BArgs> using _Res_type_impl = typename std::result_of<_Fn&(std::_Bind<_Functor(_Bound_args ...)>::_Mu_type<_BArgs, _CallArgs>&& ...)>::type [with _Fn = void (bump_go_cpp::bump_go::*)(); _CallArgs = std::tuple<_Tps ...>; _BArgs = {}; _Functor = void (bump_go_cpp::bump_go::*)(); _Bound_args = {}][m[Kâ€™:
[0.932s] [01m[K/usr/include/c++/9/functional:447:8:[m[K   required by substitution of â€˜[01m[Ktemplate<class _Functor, class ... _Bound_args> template<class _CallArgs> using _Res_type = std::_Bind<_Functor(_Bound_args ...)>::_Res_type_impl<_Functor, _CallArgs, _Bound_args ...> [with _CallArgs = std::tuple<_Tps ...>; _Functor = void (bump_go_cpp::bump_go::*)(); _Bound_args = {}][m[Kâ€™
[0.932s] [01m[K/usr/include/c++/9/functional:480:2:[m[K   required from â€˜[01m[Kstruct std::_Bind<void (bump_go_cpp::bump_go::*())()>[m[Kâ€™
[0.932s] [01m[K/home/magnum/simuate_ws/src/robot/src/propotional_bump_go/src/bump_go_node.cpp:14:84:[m[K   required from here
[0.932s] [01m[K/usr/include/c++/9/functional:443:8:[m[K [01;31m[Kerror: [m[Kno type named â€˜[01m[Ktype[m[Kâ€™ in â€˜[01m[Kclass std::result_of<void (bump_go_cpp::bump_go::*&())()>[m[Kâ€™
[0.932s] [01m[K/home/magnum/simuate_ws/src/robot/src/propotional_bump_go/src/bump_go_node.cpp:[m[K In constructor â€˜[01m[Kbump_go_cpp::bump_go::bump_go()[m[Kâ€™:
[0.932s] [01m[K/home/magnum/simuate_ws/src/robot/src/propotional_bump_go/src/bump_go_node.cpp:14:90:[m[K [01;31m[Kerror: [m[Kno matching function for call to â€˜[01m[Kbump_go_cpp::bump_go::create_wall_timer(std::chrono::milliseconds, std::_Bind_helper<false, void (bump_go_cpp::bump_go::*)()>::type, bump_go_cpp::bump_go*)[m[Kâ€™
[0.932s]    14 | reate_wall_timer(50ms,std::bind(&bump_go::control_cycle),this[01;31m[K)[m[K;
[0.932s]       |                                                              [01;31m[K^[m[K
[0.932s] 
[0.932s] In file included from [01m[K/opt/ros/foxy/include/rclcpp/executors/single_threaded_executor.hpp:28[m[K,
[0.932s]                  from [01m[K/opt/ros/foxy/include/rclcpp/executors.hpp:22[m[K,
[0.933s]                  from [01m[K/opt/ros/foxy/include/rclcpp/rclcpp.hpp:146[m[K,
[0.933s]                  from [01m[K/home/magnum/simuate_ws/src/robot/src/propotional_bump_go/src/bump_go.hpp:4[m[K,
[0.933s]                  from [01m[K/home/magnum/simuate_ws/src/robot/src/propotional_bump_go/src/bump_go_node.cpp:2[m[K:
[0.933s] [01m[K/opt/ros/foxy/include/rclcpp/node.hpp:232:3:[m[K [01;36m[Knote: [m[Kcandidate: â€˜[01m[Ktemplate<class DurationRepT, class DurationT, class CallbackT> typename rclcpp::WallTimer<CallbackT>::SharedPtr rclcpp::Node::create_wall_timer(std::chrono::duration<_Rep1, _Period1>, CallbackT, rclcpp::CallbackGroup::SharedPtr)[m[Kâ€™
[0.933s]   232 |   [01;36m[Kcreate_wall_timer[m[K(
[0.933s]       |   [01;36m[K^~~~~~~~~~~~~~~~~[m[K
[0.933s] [01m[K/opt/ros/foxy/include/rclcpp/node.hpp:232:3:[m[K [01;36m[Knote: [m[K  template argument deduction/substitution failed:
[0.933s] [01m[K/home/magnum/simuate_ws/src/robot/src/propotional_bump_go/src/bump_go_node.cpp:14:90:[m[K [01;36m[Knote: [m[K  cannot convert â€˜[01m[K(bump_go_cpp::bump_go*)this[m[Kâ€™ (type â€˜[01m[Kbump_go_cpp::bump_go*[m[Kâ€™) to type â€˜[01m[Krclcpp::CallbackGroup::SharedPtr[m[Kâ€™ {aka â€˜[01m[Kstd::shared_ptr<rclcpp::CallbackGroup>[m[Kâ€™}
[0.933s]    14 | reate_wall_timer(50ms,std::bind(&bump_go::control_cycle),this[01;36m[K)[m[K;
[0.933s]       |                                                              [01;36m[K^[m[K
[0.933s] 
[1.923s] make[2]: *** [CMakeFiles/bump_go_node.dir/build.make:76: CMakeFiles/bump_go_node.dir/src/bump_go_node.cpp.o] Error 1
[1.923s] make[1]: *** [CMakeFiles/Makefile2:137: CMakeFiles/bump_go_node.dir/all] Error 2
[1.923s] make: *** [Makefile:146: all] Error 2
[1.925s] Invoked command in '/home/magnum/simuate_ws/src/robot/src/propotional_bump_go/build/propotional_bump_go' returned '2': CMAKE_PREFIX_PATH=${CMAKE_PREFIX_PATH}:/opt/ros/foxy /usr/bin/cmake --build /home/magnum/simuate_ws/src/robot/src/propotional_bump_go/build/propotional_bump_go -- -j8 -l8
