[0.014s] Invoking command in '/home/magnum/simuate_ws/src/robot/src/project/build/project': CMAKE_PREFIX_PATH=${CMAKE_PREFIX_PATH}:/opt/ros/foxy /usr/bin/cmake /home/magnum/simuate_ws/src/robot/src/project -DCMAKE_INSTALL_PREFIX=/home/magnum/simuate_ws/src/robot/src/project/install/project
[0.023s] -- Found ament_cmake: 0.9.11 (/opt/ros/foxy/share/ament_cmake/cmake)
[0.045s] -- Using PYTHON_EXECUTABLE: /usr/bin/python3
[0.223s] -- Override CMake install command with custom implementation using symlinks instead of copying resources
[0.229s] -- Found rclcpp: 2.4.2 (/opt/ros/foxy/share/rclcpp/cmake)
[0.256s] -- Using all available rosidl_typesupport_c: rosidl_typesupport_fastrtps_c;rosidl_typesupport_introspection_c
[0.258s] -- Found rosidl_adapter: 1.3.0 (/opt/ros/foxy/share/rosidl_adapter/cmake)
[0.358s] -- Using all available rosidl_typesupport_cpp: rosidl_typesupport_fastrtps_cpp;rosidl_typesupport_introspection_cpp
[0.387s] -- Found rmw_implementation_cmake: 1.0.3 (/opt/ros/foxy/share/rmw_implementation_cmake/cmake)
[0.388s] -- Using RMW implementation 'rmw_fastrtps_cpp' as default
[0.475s] -- Found geometry_msgs: 2.0.5 (/opt/ros/foxy/share/geometry_msgs/cmake)
[0.498s] -- Found ament_lint_auto: 0.9.7 (/opt/ros/foxy/share/ament_lint_auto/cmake)
[0.560s] -- Added test 'copyright' to check source files copyright and LICENSE
[0.569s] -- Added test 'cppcheck' to perform static code analysis on C / C++ code
[0.569s] -- Configured cppcheck include dirs: 
[0.569s] -- Configured cppcheck exclude dirs and/or files: 
[0.579s] -- Added test 'cpplint' to check C / C++ code against the Google style
[0.579s] -- Configured cpplint exclude dirs and/or files: 
[0.580s] -- Added test 'flake8' to check Python code syntax and style conventions
[0.582s] -- Added test 'lint_cmake' to check CMake code style
[0.584s] -- Added test 'pep257' to check Python code against some of the style conventions in PEP 257
[0.592s] -- Added test 'uncrustify' to check C / C++ code style
[0.593s] -- Configured uncrustify additional arguments: 
[0.594s] -- Added test 'xmllint' to check XML markup files
[0.594s] -- Configuring done
[0.602s] -- Generating done
[0.603s] -- Build files have been written to: /home/magnum/simuate_ws/src/robot/src/project/build/project
[0.609s] Invoked command in '/home/magnum/simuate_ws/src/robot/src/project/build/project' returned '0': CMAKE_PREFIX_PATH=${CMAKE_PREFIX_PATH}:/opt/ros/foxy /usr/bin/cmake /home/magnum/simuate_ws/src/robot/src/project -DCMAKE_INSTALL_PREFIX=/home/magnum/simuate_ws/src/robot/src/project/install/project
[0.611s] Invoking command in '/home/magnum/simuate_ws/src/robot/src/project/build/project': CMAKE_PREFIX_PATH=${CMAKE_PREFIX_PATH}:/opt/ros/foxy /usr/bin/cmake --build /home/magnum/simuate_ws/src/robot/src/project/build/project -- -j8 -l8
[0.639s] [ 50%] [32mBuilding CXX object CMakeFiles/project.dir/src/pub.cpp.o[0m
[1.578s] In file included from [01m[K/opt/ros/foxy/include/rclcpp/context.hpp:19[m[K,
[1.578s]                  from [01m[K/opt/ros/foxy/include/rclcpp/contexts/default_context.hpp:18[m[K,
[1.578s]                  from [01m[K/opt/ros/foxy/include/rclcpp/executor.hpp:32[m[K,
[1.578s]                  from [01m[K/opt/ros/foxy/include/rclcpp/executors/multi_threaded_executor.hpp:26[m[K,
[1.578s]                  from [01m[K/opt/ros/foxy/include/rclcpp/executors.hpp:21[m[K,
[1.578s]                  from [01m[K/opt/ros/foxy/include/rclcpp/rclcpp.hpp:146[m[K,
[1.578s]                  from [01m[K/home/magnum/simuate_ws/src/robot/src/project/src/pub.cpp:3[m[K:
[1.578s] /usr/include/c++/9/functional: In instantiation of â€˜[01m[Kstruct std::_Bind_check_arity<void (move::*)()>[m[Kâ€™:
[1.578s] [01m[K/usr/include/c++/9/functional:787:12:[m[K   required from â€˜[01m[Kstruct std::_Bind_helper<false, void (move::*)()>[m[Kâ€™
[1.578s] [01m[K/usr/include/c++/9/functional:808:5:[m[K   required by substitution of â€˜[01m[Ktemplate<class _Func, class ... _BoundArgs> typename std::_Bind_helper<std::__is_socketlike<_Func>::value, _Func, _BoundArgs ...>::type std::bind(_Func&&, _BoundArgs&& ...) [with _Func = void (move::*)(); _BoundArgs = {}][m[Kâ€™
[1.579s] [01m[K/home/magnum/simuate_ws/src/robot/src/project/src/pub.cpp:14:76:[m[K   required from here
[1.579s] [01m[K/usr/include/c++/9/functional:775:7:[m[K [01;31m[Kerror: [m[Kstatic assertion failed: Wrong number of arguments for pointer-to-member
[1.579s]   774 |       static_assert(_Varargs::[01;31m[Kvalue[m[K
[1.579s]       |                               [01;31m[K~~~~~[m[K
[1.579s]   775 | [01;31m[K      ? sizeof...(_BoundArgs) >= _Arity::value + 1[m[K
[1.579s]       |       [01;31m[K^~~~~~~~~~~~~~~~~~~~~~~~~~~~~~~~~~~~~~~~~~~~[m[K
[1.579s]   776 | [01;31m[K      : sizeof...(_BoundArgs) == _Arity::value + 1[m[K,
[1.579s]       |       [01;31m[K~~~~~~~~~~~~~~~~~~~~~~~~~~~~~~~~~~~~~~~~~~~~[m[K
[1.579s] /usr/include/c++/9/functional: In substitution of â€˜[01m[Ktemplate<class _Functor, class ... _Bound_args> template<class _Fn, class _CallArgs, class ... _BArgs> using _Res_type_impl = typename std::result_of<_Fn&(std::_Bind<_Functor(_Bound_args ...)>::_Mu_type<_BArgs, _CallArgs>&& ...)>::type [with _Fn = void (move::*)(); _CallArgs = _CallArgs; _BArgs = {}; _Functor = void (move::*)(); _Bound_args = {}][m[Kâ€™:
[1.579s] [01m[K/usr/include/c++/9/functional:447:8:[m[K   required from â€˜[01m[Kstruct std::_Bind<void (move::*())()>[m[Kâ€™
[1.579s] [01m[K/home/magnum/simuate_ws/src/robot/src/project/src/pub.cpp:14:76:[m[K   required from here
[1.579s] [01m[K/usr/include/c++/9/functional:443:8:[m[K [01;31m[Kerror: [m[Kno type named â€˜[01m[Ktype[m[Kâ€™ in â€˜[01m[Kclass std::result_of<void (move::*&())()>[m[Kâ€™
[1.579s]   443 |  using [01;31m[K_Res_type_impl[m[K
[1.579s]       |        [01;31m[K^~~~~~~~~~~~~~[m[K
[1.579s] /usr/include/c++/9/functional: In substitution of â€˜[01m[Ktemplate<class _Functor, class ... _Bound_args> template<class _Fn, class _CallArgs, class ... _BArgs> using _Res_type_impl = typename std::result_of<_Fn&(std::_Bind<_Functor(_Bound_args ...)>::_Mu_type<_BArgs, _CallArgs>&& ...)>::type [with _Fn = void (move::*)(); _CallArgs = std::tuple<_Tps ...>; _BArgs = {}; _Functor = void (move::*)(); _Bound_args = {}][m[Kâ€™:
[1.579s] [01m[K/usr/include/c++/9/functional:447:8:[m[K   required by substitution of â€˜[01m[Ktemplate<class _Functor, class ... _Bound_args> template<class _CallArgs> using _Res_type = std::_Bind<_Functor(_Bound_args ...)>::_Res_type_impl<_Functor, _CallArgs, _Bound_args ...> [with _CallArgs = std::tuple<_Tps ...>; _Functor = void (move::*)(); _Bound_args = {}][m[Kâ€™
[1.580s] [01m[K/usr/include/c++/9/functional:480:2:[m[K   required from â€˜[01m[Kstruct std::_Bind<void (move::*())()>[m[Kâ€™
[1.580s] [01m[K/home/magnum/simuate_ws/src/robot/src/project/src/pub.cpp:14:76:[m[K   required from here
[1.580s] [01m[K/usr/include/c++/9/functional:443:8:[m[K [01;31m[Kerror: [m[Kno type named â€˜[01m[Ktype[m[Kâ€™ in â€˜[01m[Kclass std::result_of<void (move::*&())()>[m[Kâ€™
[1.580s] [01m[K/home/magnum/simuate_ws/src/robot/src/project/src/pub.cpp:[m[K In constructor â€˜[01m[Kmove::move()[m[Kâ€™:
[1.580s] [01m[K/home/magnum/simuate_ws/src/robot/src/project/src/pub.cpp:14:82:[m[K [01;31m[Kerror: [m[Kno matching function for call to â€˜[01m[Kmove::create_wall_timer(std::chrono::milliseconds, std::_Bind_helper<false, void (move::*)()>::type, move*)[m[Kâ€™
[1.580s]    14 | is->create_wall_timer(500ms,std::bind(&move::robot_move),this[01;31m[K)[m[K;
[1.580s]       |                                                              [01;31m[K^[m[K
[1.580s] 
[1.580s] In file included from [01m[K/opt/ros/foxy/include/rclcpp/executors/single_threaded_executor.hpp:28[m[K,
[1.580s]                  from [01m[K/opt/ros/foxy/include/rclcpp/executors.hpp:22[m[K,
[1.580s]                  from [01m[K/opt/ros/foxy/include/rclcpp/rclcpp.hpp:146[m[K,
[1.580s]                  from [01m[K/home/magnum/simuate_ws/src/robot/src/project/src/pub.cpp:3[m[K:
[1.580s] [01m[K/opt/ros/foxy/include/rclcpp/node.hpp:232:3:[m[K [01;36m[Knote: [m[Kcandidate: â€˜[01m[Ktemplate<class DurationRepT, class DurationT, class CallbackT> typename rclcpp::WallTimer<CallbackT>::SharedPtr rclcpp::Node::create_wall_timer(std::chrono::duration<_Rep1, _Period1>, CallbackT, rclcpp::CallbackGroup::SharedPtr)[m[Kâ€™
[1.580s]   232 |   [01;36m[Kcreate_wall_timer[m[K(
[1.580s]       |   [01;36m[K^~~~~~~~~~~~~~~~~[m[K
[1.581s] [01m[K/opt/ros/foxy/include/rclcpp/node.hpp:232:3:[m[K [01;36m[Knote: [m[K  template argument deduction/substitution failed:
[1.581s] [01m[K/home/magnum/simuate_ws/src/robot/src/project/src/pub.cpp:14:82:[m[K [01;36m[Knote: [m[K  cannot convert â€˜[01m[K(move*)this[m[Kâ€™ (type â€˜[01m[Kmove*[m[Kâ€™) to type â€˜[01m[Krclcpp::CallbackGroup::SharedPtr[m[Kâ€™ {aka â€˜[01m[Kstd::shared_ptr<rclcpp::CallbackGroup>[m[Kâ€™}
[1.581s]    14 | is->create_wall_timer(500ms,std::bind(&move::robot_move),this[01;36m[K)[m[K;
[1.581s]       |                                                              [01;36m[K^[m[K
[1.581s] 
[2.181s] make[2]: *** [CMakeFiles/project.dir/build.make:76: CMakeFiles/project.dir/src/pub.cpp.o] Error 1
[2.181s] make[1]: *** [CMakeFiles/Makefile2:137: CMakeFiles/project.dir/all] Error 2
[2.182s] make: *** [Makefile:146: all] Error 2
[2.183s] Invoked command in '/home/magnum/simuate_ws/src/robot/src/project/build/project' returned '2': CMAKE_PREFIX_PATH=${CMAKE_PREFIX_PATH}:/opt/ros/foxy /usr/bin/cmake --build /home/magnum/simuate_ws/src/robot/src/project/build/project -- -j8 -l8
