[0.015s] Invoking command in '/home/magnum/simuate_ws/src/robot/src/visual_marker/build/visual_marker': CMAKE_PREFIX_PATH=/opt/ros/foxy /usr/bin/cmake --build /home/magnum/simuate_ws/src/robot/src/visual_marker/build/visual_marker -- -j8 -l8
[0.037s] [ 50%] [32mBuilding CXX object CMakeFiles/visual.dir/src/visual.cpp.o[0m
[0.122s] In file included from [01m[K/home/magnum/simuate_ws/src/robot/src/visual_marker/src/visual.cpp:2[m[K:
[0.122s] [01m[K/home/magnum/simuate_ws/src/robot/src/visual_marker/src/visual.hpp:9:10:[m[K [01;31m[Kfatal error: [m[Ktf2_ros/transform_broadcaster.hpp: No such file or directory
[0.122s]     9 | #include [01;31m[K"tf2_ros/transform_broadcaster.hpp"[m[K
[0.122s]       |          [01;31m[K^~~~~~~~~~~~~~~~~~~~~~~~~~~~~~~~~~~[m[K
[0.122s] compilation terminated.
[0.124s] make[2]: *** [CMakeFiles/visual.dir/build.make:76: CMakeFiles/visual.dir/src/visual.cpp.o] Error 1
[0.125s] make[1]: *** [CMakeFiles/Makefile2:137: CMakeFiles/visual.dir/all] Error 2
[0.125s] make: *** [Makefile:146: all] Error 2
[0.126s] Invoked command in '/home/magnum/simuate_ws/src/robot/src/visual_marker/build/visual_marker' returned '2': CMAKE_PREFIX_PATH=/opt/ros/foxy /usr/bin/cmake --build /home/magnum/simuate_ws/src/robot/src/visual_marker/build/visual_marker -- -j8 -l8
