[ 50%] [32mBuilding CXX object CMakeFiles/project.dir/src/pub.cpp.o[0m
[01m[K/home/magnum/simuate_ws/src/robot/src/project/src/pub.cpp:3:10:[m[K [01;31m[Kfatal error: [m[Krclcpp/rclcpp.hpp: No such file or directory
    3 | #include [01;31m[K"rclcpp/rclcpp.hpp"[m[K
      |          [01;31m[K^~~~~~~~~~~~~~~~~~~[m[K
compilation terminated.
make[2]: *** [CMakeFiles/project.dir/build.make:76: CMakeFiles/project.dir/src/pub.cpp.o] Error 1
make[1]: *** [CMakeFiles/Makefile2:137: CMakeFiles/project.dir/all] Error 2
make: *** [Makefile:146: all] Error 2
