[0.013s] Invoking command in '/home/magnum/simuate_ws/src/robot/src/visual_marker/build/visual_marker': /usr/bin/cmake --build /home/magnum/simuate_ws/src/robot/src/visual_marker/build/visual_marker -- -j8 -l8
[0.027s] -- Found ament_cmake: 0.9.11 (/opt/ros/foxy/share/ament_cmake/cmake)
[0.046s] -- Using PYTHON_EXECUTABLE: /usr/bin/python3
[0.209s] -- Found rclcpp: 2.4.2 (/opt/ros/foxy/share/rclcpp/cmake)
[0.231s] -- Using all available rosidl_typesupport_c: rosidl_typesupport_fastrtps_c;rosidl_typesupport_introspection_c
[0.234s] -- Found rosidl_adapter: 1.3.0 (/opt/ros/foxy/share/rosidl_adapter/cmake)
[0.330s] -- Using all available rosidl_typesupport_cpp: rosidl_typesupport_fastrtps_cpp;rosidl_typesupport_introspection_cpp
[0.359s] -- Found rmw_implementation_cmake: 1.0.3 (/opt/ros/foxy/share/rmw_implementation_cmake/cmake)
[0.360s] -- Using RMW implementation 'rmw_fastrtps_cpp' as default
[0.441s] -- Found sensor_msgs: 2.0.5 (/opt/ros/foxy/share/sensor_msgs/cmake)
[0.512s] -- Found visualization_msgs: 2.0.5 (/opt/ros/foxy/share/visualization_msgs/cmake)
[0.571s] -- Found ament_lint_auto: 0.9.7 (/opt/ros/foxy/share/ament_lint_auto/cmake)
[0.606s] Error parsing '/home/magnum/simuate_ws/src/robot/src/visual_marker/package.xml':
[0.674s] Traceback (most recent call last):
[0.674s]   File "/opt/ros/foxy/share/ament_cmake_core/cmake/core/package_xml_2_cmake.py", line 143, in <module>
[0.674s]     main()
[0.674s]   File "/opt/ros/foxy/share/ament_cmake_core/cmake/core/package_xml_2_cmake.py", line 52, in main
[0.674s]     raise e
[0.674s]   File "/opt/ros/foxy/share/ament_cmake_core/cmake/core/package_xml_2_cmake.py", line 48, in main
[0.674s]     package = parse_package_string(
[0.674s]   File "/usr/lib/python3/dist-packages/catkin_pkg/package.py", line 788, in parse_package_string
[0.675s]     pkg.validate(warnings=warnings)
[0.675s]   File "/usr/lib/python3/dist-packages/catkin_pkg/package.py", line 330, in validate
[0.675s]     raise InvalidPackage('\n'.join(errors), self.filename)
[0.675s] catkin_pkg.package.InvalidPackage: Error(s) in package '/home/magnum/simuate_ws/src/robot/src/visual_marker/package.xml':
[0.675s] The package "visual_marker" must not "build_depend" on a package with the same name as this package
[0.675s] The package "visual_marker" must not "build_export_depend" on a package with the same name as this package
[0.675s] The package "visual_marker" must not "exec_depend" on a package with the same name as this package
[0.688s] [31mCMake Error at /opt/ros/foxy/share/ament_cmake_core/cmake/core/ament_package_xml.cmake:94 (message):
[0.688s]   execute_process(/usr/bin/python3
[0.688s]   /opt/ros/foxy/share/ament_cmake_core/cmake/core/package_xml_2_cmake.py
[0.688s]   /home/magnum/simuate_ws/src/robot/src/visual_marker/package.xml
[0.688s]   /home/magnum/simuate_ws/src/robot/src/visual_marker/build/visual_marker/ament_cmake_core/package.cmake)
[0.688s]   returned error code 1
[0.688s] Call Stack (most recent call first):
[0.689s]   /opt/ros/foxy/share/ament_cmake_core/cmake/core/ament_package_xml.cmake:49 (_ament_package_xml)
[0.689s]   /opt/ros/foxy/share/ament_lint_auto/cmake/ament_lint_auto_find_test_dependencies.cmake:31 (ament_package_xml)
[0.689s]   CMakeLists.txt:42 (ament_lint_auto_find_test_dependencies)
[0.689s] 
[0.689s] [0m
[0.689s] -- Configuring incomplete, errors occurred!
[0.689s] See also "/home/magnum/simuate_ws/src/robot/src/visual_marker/build/visual_marker/CMakeFiles/CMakeOutput.log".
[0.689s] See also "/home/magnum/simuate_ws/src/robot/src/visual_marker/build/visual_marker/CMakeFiles/CMakeError.log".
[0.693s] make: *** [Makefile:267: cmake_check_build_system] Error 1
[0.695s] Invoked command in '/home/magnum/simuate_ws/src/robot/src/visual_marker/build/visual_marker' returned '2': /usr/bin/cmake --build /home/magnum/simuate_ws/src/robot/src/visual_marker/build/visual_marker -- -j8 -l8
