[ 50%] [32mBuilding CXX object CMakeFiles/bump_go_node.dir/src/bump_go_node.cpp.o[0m
In file included from [01m[K/home/magnum/simuate_ws/src/robot/src/propotional_bump_go/src/bump_go_node.cpp:2[m[K:
[01m[K/home/magnum/simuate_ws/src/robot/src/propotional_bump_go/src/bump_go.hpp:48:2:[m[K [01;35m[Kwarning: [m[Kextra â€˜[01m[K;[m[Kâ€™ [[01;35m[K-Wpedantic[m[K]
   48 | }[01;35m[K;[m[K//namespace bump_go_cpp
      |  [01;35m[K^[m[K
[01m[K/home/magnum/simuate_ws/src/robot/src/propotional_bump_go/src/bump_go_node.cpp:16:6:[m[K [01;35m[Kwarning: [m[Kextra â€˜[01m[K;[m[Kâ€™ [[01;35m[K-Wpedantic[m[K]
   16 |     }[01;35m[K;[m[K//constructor bump_go
      |      [01;35m[K^[m[K
[100%] [32m[1mLinking CXX executable bump_go_node[0m
/usr/bin/ld: /usr/lib/gcc/x86_64-linux-gnu/9/../../../x86_64-linux-gnu/Scrt1.o: in function `_start':
(.text+0x24): undefined reference to `main'
collect2: error: ld returned 1 exit status
make[2]: *** [CMakeFiles/bump_go_node.dir/build.make:154: bump_go_node] Error 1
make[1]: *** [CMakeFiles/Makefile2:137: CMakeFiles/bump_go_node.dir/all] Error 2
make: *** [Makefile:146: all] Error 2
