-- Found ament_cmake: 0.9.11 (/opt/ros/foxy/share/ament_cmake/cmake)
-- Using PYTHON_EXECUTABLE: /usr/bin/python3
-- Override CMake install command with custom implementation using symlinks instead of copying resources
-- Found rclcpp: 2.4.2 (/opt/ros/foxy/share/rclcpp/cmake)
-- Using all available rosidl_typesupport_c: rosidl_typesupport_fastrtps_c;rosidl_typesupport_introspection_c
-- Found rosidl_adapter: 1.3.0 (/opt/ros/foxy/share/rosidl_adapter/cmake)
-- Using all available rosidl_typesupport_cpp: rosidl_typesupport_fastrtps_cpp;rosidl_typesupport_introspection_cpp
-- Found rmw_implementation_cmake: 1.0.3 (/opt/ros/foxy/share/rmw_implementation_cmake/cmake)
-- Using RMW implementation 'rmw_fastrtps_cpp' as default
-- Found geometry_msgs: 2.0.5 (/opt/ros/foxy/share/geometry_msgs/cmake)
-- Found ament_lint_auto: 0.9.7 (/opt/ros/foxy/share/ament_lint_auto/cmake)
-- Added test 'copyright' to check source files copyright and LICENSE
-- Added test 'cppcheck' to perform static code analysis on C / C++ code
-- Configured cppcheck include dirs: 
-- Configured cppcheck exclude dirs and/or files: 
-- Added test 'cpplint' to check C / C++ code against the Google style
-- Configured cpplint exclude dirs and/or files: 
-- Added test 'flake8' to check Python code syntax and style conventions
-- Added test 'lint_cmake' to check CMake code style
-- Added test 'pep257' to check Python code against some of the style conventions in PEP 257
-- Added test 'uncrustify' to check C / C++ code style
-- Configured uncrustify additional arguments: 
-- Added test 'xmllint' to check XML markup files
-- Configuring done
-- Generating done
-- Build files have been written to: /home/magnum/simuate_ws/src/robot/src/project/build/project
[ 16%] [32mBuilding CXX object CMakeFiles/sub.dir/src/sub.cpp.o[0m
[ 50%] Built target project
[ 83%] Built target move
[01m[K/home/magnum/simuate_ws/src/robot/src/project/src/sub.cpp:[m[K In constructor â€˜[01m[Ksubscriber::subscriber()[m[Kâ€™:
[01m[K/home/magnum/simuate_ws/src/robot/src/project/src/sub.cpp:10:129:[m[K [01;31m[Kerror: [m[Kno matching function for call to â€˜[01m[Ksubscriber::create_subscription<geometry_msgs::msg::Twist>(const char [9], std::_Bind_helper<false, void (subscriber::*)(std::shared_ptr<geometry_msgs::msg::Twist_<std::allocator<void> > >) const, subscriber*, const std::_Placeholder<1>&>::type)[m[Kâ€™
   10 |         sub = this->create_subscription<geometry_msgs::msg::Twist>("/cmd_vel",std::bind(&subscriber::subscriber_message,this,_1)[01;31m[K)[m[K;
      |                                                                                                                                 [01;31m[K^[m[K
In file included from [01m[K/opt/ros/foxy/include/rclcpp/executors/single_threaded_executor.hpp:28[m[K,
                 from [01m[K/opt/ros/foxy/include/rclcpp/executors.hpp:22[m[K,
                 from [01m[K/opt/ros/foxy/include/rclcpp/rclcpp.hpp:146[m[K,
                 from [01m[K/home/magnum/simuate_ws/src/robot/src/project/src/sub.cpp:2[m[K:
[01m[K/opt/ros/foxy/include/rclcpp/node.hpp:213:3:[m[K [01;36m[Knote: [m[Kcandidate: â€˜[01m[Ktemplate<class MessageT, class CallbackT, class AllocatorT, class CallbackMessageT, class SubscriptionT, class MessageMemoryStrategyT> std::shared_ptr<SubscriptionT> rclcpp::Node::create_subscription(const string&, const rclcpp::QoS&, CallbackT&&, const rclcpp::SubscriptionOptionsWithAllocator<AllocatorT>&, typename MessageMemoryStrategyT::SharedPtr)[m[Kâ€™
  213 |   [01;36m[Kcreate_subscription[m[K(
      |   [01;36m[K^~~~~~~~~~~~~~~~~~~[m[K
[01m[K/opt/ros/foxy/include/rclcpp/node.hpp:213:3:[m[K [01;36m[Knote: [m[K  template argument deduction/substitution failed:
[01m[K/home/magnum/simuate_ws/src/robot/src/project/src/sub.cpp:10:129:[m[K [01;36m[Knote: [m[K  candidate expects 5 arguments, 2 provided
   10 |         sub = this->create_subscription<geometry_msgs::msg::Twist>("/cmd_vel",std::bind(&subscriber::subscriber_message,this,_1)[01;36m[K)[m[K;
      |                                                                                                                                 [01;36m[K^[m[K
make[2]: *** [CMakeFiles/sub.dir/build.make:76: CMakeFiles/sub.dir/src/sub.cpp.o] Error 1
make[1]: *** [CMakeFiles/Makefile2:193: CMakeFiles/sub.dir/all] Error 2
make: *** [Makefile:146: all] Error 2
