[0.085s] Invoking command in '/home/magnum/ros2_ws/src/robot/Ros-2-simulated-robot./src/drive_to_point/build/drive_to_point': CMAKE_PREFIX_PATH=${CMAKE_PREFIX_PATH}:/opt/ros/foxy /usr/bin/cmake --build /home/magnum/ros2_ws/src/robot/Ros-2-simulated-robot./src/drive_to_point/build/drive_to_point -- -j8 -l8
[0.265s] [ 50%] [32mBuilding CXX object CMakeFiles/drive_to_point.dir/src/drive_point.cpp.o[0m
[0.557s] [01m[K/home/magnum/ros2_ws/src/robot/Ros-2-simulated-robot./src/drive_to_point/src/drive_point.cpp:7:10:[m[K [01;31m[Kfatal error: [m[KEigen/Dense: No such file or directory
[0.557s]     7 | #include [01;31m[K"Eigen/Dense"[m[K
[0.557s]       |          [01;31m[K^~~~~~~~~~~~~[m[K
[0.557s] compilation terminated.
[0.560s] make[2]: *** [CMakeFiles/drive_to_point.dir/build.make:76: CMakeFiles/drive_to_point.dir/src/drive_point.cpp.o] Error 1
[0.560s] make[1]: *** [CMakeFiles/Makefile2:137: CMakeFiles/drive_to_point.dir/all] Error 2
[0.561s] make: *** [Makefile:146: all] Error 2
[0.565s] Invoked command in '/home/magnum/ros2_ws/src/robot/Ros-2-simulated-robot./src/drive_to_point/build/drive_to_point' returned '2': CMAKE_PREFIX_PATH=${CMAKE_PREFIX_PATH}:/opt/ros/foxy /usr/bin/cmake --build /home/magnum/ros2_ws/src/robot/Ros-2-simulated-robot./src/drive_to_point/build/drive_to_point -- -j8 -l8
