[0.000000] (-) TimerEvent: {}
[0.000646] (drive_to_point) JobQueued: {'identifier': 'drive_to_point', 'dependencies': OrderedDict()}
[0.000680] (drive_to_point) JobStarted: {'identifier': 'drive_to_point'}
[0.010597] (drive_to_point) JobProgress: {'identifier': 'drive_to_point', 'progress': 'cmake'}
[0.011298] (drive_to_point) JobProgress: {'identifier': 'drive_to_point', 'progress': 'build'}
[0.012041] (drive_to_point) Command: {'cmd': ['/usr/bin/cmake', '--build', '/home/magnum/ros2_ws/src/robot/Ros-2-simulated-robot./src/drive_to_point/build/drive_to_point', '--', '-j8', '-l8'], 'cwd': '/home/magnum/ros2_ws/src/robot/Ros-2-simulated-robot./src/drive_to_point/build/drive_to_point', 'env': OrderedDict([('LESSOPEN', '| /usr/bin/lesspipe %s'), ('LANGUAGE', 'en_NG:en'), ('USER', 'magnum'), ('SSH_AGENT_PID', '3073'), ('XDG_SESSION_TYPE', 'x11'), ('SHLVL', '1'), ('LD_LIBRARY_PATH', '/usr/lib/x86_64-linux-gnu/gazebo-11/plugins:/opt/ros/foxy/opt/yaml_cpp_vendor/lib:/opt/ros/foxy/opt/rviz_ogre_vendor/lib:/opt/ros/foxy/lib/x86_64-linux-gnu:/opt/ros/foxy/lib'), ('HOME', '/home/magnum'), ('OLDPWD', '/home/magnum/ros2_ws/src/robot/Ros-2-simulated-robot./src'), ('DESKTOP_SESSION', 'ubuntu'), ('QT_STYLE_OVERRIDE', 'kvantum'), ('ROS_PYTHON_VERSION', '3'), ('GNOME_SHELL_SESSION_MODE', 'ubuntu'), ('GTK_MODULES', 'gail:atk-bridge'), ('MANAGERPID', '2899'), ('DBUS_SESSION_BUS_ADDRESS', 'unix:path=/run/user/1000/bus'), ('COLORTERM', 'truecolor'), ('TERMINATOR_DBUS_NAME', 'net.tenshu.Terminator23558193cd9818af7fe4d2c2f5bd9d00f'), ('GIO_LAUNCHED_DESKTOP_FILE_PID', '19926'), ('MANDATORY_PATH', '/usr/share/gconf/ubuntu.mandatory.path'), ('QT_QPA_PLATFORMTHEME', 'qt5ct'), ('IM_CONFIG_PHASE', '1'), ('COLCON_PREFIX_PATH', '/home/magnum/ros2_ws/install'), ('ROS_DISTRO', 'foxy'), ('LOGNAME', 'magnum'), ('JOURNAL_STREAM', '8:55210'), ('_', '/usr/bin/colcon'), ('ROS_VERSION', '2'), ('XDG_SESSION_CLASS', 'user'), ('DEFAULTS_PATH', '/usr/share/gconf/ubuntu.default.path'), ('USERNAME', 'magnum'), ('TERM', 'xterm-256color'), ('GNOME_DESKTOP_SESSION_ID', 'this-is-deprecated'), ('ROS_LOCALHOST_ONLY', '0'), ('WINDOWPATH', '2'), ('PATH', '/opt/ros/foxy/bin:/home/magnum/.local/bin:/usr/local/sbin:/usr/local/bin:/usr/sbin:/usr/bin:/sbin:/bin:/usr/games:/usr/local/games:/snap/bin'), ('SESSION_MANAGER', 'local/robostek:@/tmp/.ICE-unix/3146,unix/robostek:/tmp/.ICE-unix/3146'), ('INVOCATION_ID', '72492cfa981d41d8ac1f3e93e8f6627b'), ('XDG_MENU_PREFIX', 'gnome-'), ('XDG_RUNTIME_DIR', '/run/user/1000'), ('DISPLAY', ':1'), ('TERMINATOR_DBUS_PATH', '/net/tenshu/Terminator2'), ('LANG', 'en_US.UTF-8'), ('XDG_CURRENT_DESKTOP', 'ubuntu:GNOME'), ('XMODIFIERS', '@im=ibus'), ('XDG_SESSION_DESKTOP', 'ubuntu'), ('XAUTHORITY', '/run/user/1000/gdm/Xauthority'), ('LS_COLORS', 'rs=0:di=01;34:ln=01;36:mh=00:pi=40;33:so=01;35:do=01;35:bd=40;33;01:cd=40;33;01:or=40;31;01:mi=00:su=37;41:sg=30;43:ca=30;41:tw=30;42:ow=34;42:st=37;44:ex=01;32:*.tar=01;31:*.tgz=01;31:*.arc=01;31:*.arj=01;31:*.taz=01;31:*.lha=01;31:*.lz4=01;31:*.lzh=01;31:*.lzma=01;31:*.tlz=01;31:*.txz=01;31:*.tzo=01;31:*.t7z=01;31:*.zip=01;31:*.z=01;31:*.dz=01;31:*.gz=01;31:*.lrz=01;31:*.lz=01;31:*.lzo=01;31:*.xz=01;31:*.zst=01;31:*.tzst=01;31:*.bz2=01;31:*.bz=01;31:*.tbz=01;31:*.tbz2=01;31:*.tz=01;31:*.deb=01;31:*.rpm=01;31:*.jar=01;31:*.war=01;31:*.ear=01;31:*.sar=01;31:*.rar=01;31:*.alz=01;31:*.ace=01;31:*.zoo=01;31:*.cpio=01;31:*.7z=01;31:*.rz=01;31:*.cab=01;31:*.wim=01;31:*.swm=01;31:*.dwm=01;31:*.esd=01;31:*.jpg=01;35:*.jpeg=01;35:*.mjpg=01;35:*.mjpeg=01;35:*.gif=01;35:*.bmp=01;35:*.pbm=01;35:*.pgm=01;35:*.ppm=01;35:*.tga=01;35:*.xbm=01;35:*.xpm=01;35:*.tif=01;35:*.tiff=01;35:*.png=01;35:*.svg=01;35:*.svgz=01;35:*.mng=01;35:*.pcx=01;35:*.mov=01;35:*.mpg=01;35:*.mpeg=01;35:*.m2v=01;35:*.mkv=01;35:*.webm=01;35:*.ogm=01;35:*.mp4=01;35:*.m4v=01;35:*.mp4v=01;35:*.vob=01;35:*.qt=01;35:*.nuv=01;35:*.wmv=01;35:*.asf=01;35:*.rm=01;35:*.rmvb=01;35:*.flc=01;35:*.avi=01;35:*.fli=01;35:*.flv=01;35:*.gl=01;35:*.dl=01;35:*.xcf=01;35:*.xwd=01;35:*.yuv=01;35:*.cgm=01;35:*.emf=01;35:*.ogv=01;35:*.ogx=01;35:*.aac=00;36:*.au=00;36:*.flac=00;36:*.m4a=00;36:*.mid=00;36:*.midi=00;36:*.mka=00;36:*.mp3=00;36:*.mpc=00;36:*.ogg=00;36:*.ra=00;36:*.wav=00;36:*.oga=00;36:*.opus=00;36:*.spx=00;36:*.xspf=00;36:'), ('SSH_AUTH_SOCK', '/run/user/1000/keyring/ssh'), ('AMENT_PREFIX_PATH', '/home/magnum/ros2_ws/install/robot:/opt/ros/foxy'), ('SHELL', '/bin/bash'), ('TERMINATOR_UUID', 'urn:uuid:cbab8381-1778-4312-8872-cbdd1208997b'), ('QT_ACCESSIBILITY', '1'), ('GDMSESSION', 'ubuntu'), ('LESSCLOSE', '/usr/bin/lesspipe %s %s'), ('GPG_AGENT_INFO', '/run/user/1000/gnupg/S.gpg-agent:0:1'), ('QT_IM_MODULE', 'ibus'), ('PWD', '/home/magnum/ros2_ws/src/robot/Ros-2-simulated-robot./src/drive_to_point/build/drive_to_point'), ('TURTLEBOT3_MODEL', 'burger'), ('LC_ALL', 'en_US.UTF-8'), ('XDG_CONFIG_DIRS', '/etc/xdg/xdg-ubuntu:/etc/xdg'), ('XDG_DATA_DIRS', '/usr/share/ubuntu:/usr/local/share/:/usr/share/:/var/lib/snapd/desktop'), ('PYTHONPATH', '/opt/ros/foxy/lib/python/site-packages:/opt/ros/foxy/lib/python3.8/site-packages'), ('COLCON', '1'), ('VTE_VERSION', '6003'), ('CMAKE_PREFIX_PATH', '/home/magnum/ros2_ws/install/robot:/opt/ros/foxy')]), 'shell': False}
[0.026117] (drive_to_point) StdoutLine: {'line': b'-- Found ament_cmake: 0.9.11 (/opt/ros/foxy/share/ament_cmake/cmake)\n'}
[0.045209] (drive_to_point) StdoutLine: {'line': b'-- Using PYTHON_EXECUTABLE: /usr/bin/python3\n'}
[0.099648] (-) TimerEvent: {}
[0.197273] (drive_to_point) StdoutLine: {'line': b'-- Found rclcpp: 2.4.2 (/opt/ros/foxy/share/rclcpp/cmake)\n'}
[0.199703] (-) TimerEvent: {}
[0.218810] (drive_to_point) StdoutLine: {'line': b'-- Using all available rosidl_typesupport_c: rosidl_typesupport_fastrtps_c;rosidl_typesupport_introspection_c\n'}
[0.220743] (drive_to_point) StdoutLine: {'line': b'-- Found rosidl_adapter: 1.3.0 (/opt/ros/foxy/share/rosidl_adapter/cmake)\n'}
[0.299827] (-) TimerEvent: {}
[0.309230] (drive_to_point) StdoutLine: {'line': b'-- Using all available rosidl_typesupport_cpp: rosidl_typesupport_fastrtps_cpp;rosidl_typesupport_introspection_cpp\n'}
[0.336924] (drive_to_point) StdoutLine: {'line': b'-- Found rmw_implementation_cmake: 1.0.3 (/opt/ros/foxy/share/rmw_implementation_cmake/cmake)\n'}
[0.337771] (drive_to_point) StdoutLine: {'line': b"-- Using RMW implementation 'rmw_fastrtps_cpp' as default\n"}
[0.399969] (-) TimerEvent: {}
[0.414136] (drive_to_point) StdoutLine: {'line': b'-- Found geometry_msgs: 2.0.5 (/opt/ros/foxy/share/geometry_msgs/cmake)\n'}
[0.432660] (drive_to_point) StdoutLine: {'line': b'-- Found nav_msgs: 2.0.5 (/opt/ros/foxy/share/nav_msgs/cmake)\n'}
[0.471877] (drive_to_point) StdoutLine: {'line': b'-- Found ament_lint_auto: 0.9.7 (/opt/ros/foxy/share/ament_lint_auto/cmake)\n'}
[0.500069] (-) TimerEvent: {}
[0.515552] (drive_to_point) StdoutLine: {'line': b"-- Added test 'copyright' to check source files copyright and LICENSE\n"}
[0.524935] (drive_to_point) StdoutLine: {'line': b"-- Added test 'cppcheck' to perform static code analysis on C / C++ code\n"}
[0.525174] (drive_to_point) StdoutLine: {'line': b'-- Configured cppcheck include dirs: \n'}
[0.525260] (drive_to_point) StdoutLine: {'line': b'-- Configured cppcheck exclude dirs and/or files: \n'}
[0.534383] (drive_to_point) StdoutLine: {'line': b"-- Added test 'cpplint' to check C / C++ code against the Google style\n"}
[0.534528] (drive_to_point) StdoutLine: {'line': b'-- Configured cpplint exclude dirs and/or files: \n'}
[0.535704] (drive_to_point) StdoutLine: {'line': b"-- Added test 'flake8' to check Python code syntax and style conventions\n"}
[0.538029] (drive_to_point) StdoutLine: {'line': b"-- Added test 'lint_cmake' to check CMake code style\n"}
[0.539233] (drive_to_point) StdoutLine: {'line': b"-- Added test 'pep257' to check Python code against some of the style conventions in PEP 257\n"}
[0.547346] (drive_to_point) StdoutLine: {'line': b"-- Added test 'uncrustify' to check C / C++ code style\n"}
[0.547448] (drive_to_point) StdoutLine: {'line': b'-- Configured uncrustify additional arguments: \n'}
[0.548764] (drive_to_point) StdoutLine: {'line': b"-- Added test 'xmllint' to check XML markup files\n"}
[0.549400] (drive_to_point) StdoutLine: {'line': b'-- Configuring done\n'}
[0.555904] (drive_to_point) StdoutLine: {'line': b'-- Generating done\n'}
[0.557133] (drive_to_point) StdoutLine: {'line': b'-- Build files have been written to: /home/magnum/ros2_ws/src/robot/Ros-2-simulated-robot./src/drive_to_point/build/drive_to_point\n'}
[0.576588] (drive_to_point) StdoutLine: {'line': b'[ 50%] \x1b[32m\x1b[1mLinking CXX executable drive_to_point\x1b[0m\n'}
[0.600208] (-) TimerEvent: {}
[0.682192] (drive_to_point) StderrLine: {'line': b"/usr/bin/ld: CMakeFiles/drive_to_point.dir/src/drive_point.cpp.o: in function `rclcpp::Publisher<nav2_msgs::action::NavigateToPose_Goal_<std::allocator<void> >, std::allocator<void> >::Publisher(rclcpp::node_interfaces::NodeBaseInterface*, std::__cxx11::basic_string<char, std::char_traits<char>, std::allocator<char> > const&, rclcpp::QoS const&, rclcpp::PublisherOptionsWithAllocator<std::allocator<void> > const&)':\n"}
[0.682445] (drive_to_point) StderrLine: {'line': b"drive_point.cpp:(.text._ZN6rclcpp9PublisherIN9nav2_msgs6action20NavigateToPose_Goal_ISaIvEEES4_EC2EPNS_15node_interfaces17NodeBaseInterfaceERKNSt7__cxx1112basic_stringIcSt11char_traitsIcESaIcEEERKNS_3QoSERKNS_29PublisherOptionsWithAllocatorIS4_EE[_ZN6rclcpp9PublisherIN9nav2_msgs6action20NavigateToPose_Goal_ISaIvEEES4_EC5EPNS_15node_interfaces17NodeBaseInterfaceERKNSt7__cxx1112basic_stringIcSt11char_traitsIcESaIcEEERKNS_3QoSERKNS_29PublisherOptionsWithAllocatorIS4_EE]+0x6e): undefined reference to `rosidl_message_type_support_t const* rosidl_typesupport_cpp::get_message_type_support_handle<nav2_msgs::action::NavigateToPose_Goal_<std::allocator<void> > >()'\n"}
[0.685997] (drive_to_point) StderrLine: {'line': b'collect2: error: ld returned 1 exit status\n'}
[0.686729] (drive_to_point) StderrLine: {'line': b'make[2]: *** [CMakeFiles/drive_to_point.dir/build.make:154: drive_to_point] Error 1\n'}
[0.686916] (drive_to_point) StderrLine: {'line': b'make[1]: *** [CMakeFiles/Makefile2:137: CMakeFiles/drive_to_point.dir/all] Error 2\n'}
[0.687070] (drive_to_point) StderrLine: {'line': b'make: *** [Makefile:146: all] Error 2\n'}
[0.688241] (drive_to_point) CommandEnded: {'returncode': 2}
[0.701754] (-) TimerEvent: {}
[0.712594] (drive_to_point) JobEnded: {'identifier': 'drive_to_point', 'rc': 2}
[0.723152] (-) EventReactorShutdown: {}
