[0.023s] Invoking command in '/home/magnum/ros2_ws/src/robot/Ros-2-simulated-robot./src/drive_to_point/build/drive_to_point': CMAKE_PREFIX_PATH=${CMAKE_PREFIX_PATH}:/opt/ros/foxy /usr/bin/cmake --build /home/magnum/ros2_ws/src/robot/Ros-2-simulated-robot./src/drive_to_point/build/drive_to_point -- -j8 -l8
[0.058s] [ 50%] [32mBuilding CXX object CMakeFiles/drive_to_point.dir/src/drive_point.cpp.o[0m
[1.129s] [01m[K/home/magnum/ros2_ws/src/robot/Ros-2-simulated-robot./src/drive_to_point/src/drive_point.cpp:[m[K In constructor â€˜[01m[KNavigateGoal::NavigateGoal()[m[Kâ€™:
[1.129s] [01m[K/home/magnum/ros2_ws/src/robot/Ros-2-simulated-robot./src/drive_to_point/src/drive_point.cpp:11:116:[m[K [01;31m[Kerror: [m[Kexpected primary-expression before â€˜[01m[K)[m[Kâ€™ token
[1.129s]    11 |         navigateGoalPublisher = this->create_publisher<nav2_msgs::action::NavigateToPose::Goal>("/navigate_topose",[01;31m[K)[m[K;
[1.129s]       |                                                                                                                    [01;31m[K^[m[K
[1.550s] make[2]: *** [CMakeFiles/drive_to_point.dir/build.make:76: CMakeFiles/drive_to_point.dir/src/drive_point.cpp.o] Error 1
[1.550s] make[1]: *** [CMakeFiles/Makefile2:137: CMakeFiles/drive_to_point.dir/all] Error 2
[1.550s] make: *** [Makefile:146: all] Error 2
[1.551s] Invoked command in '/home/magnum/ros2_ws/src/robot/Ros-2-simulated-robot./src/drive_to_point/build/drive_to_point' returned '2': CMAKE_PREFIX_PATH=${CMAKE_PREFIX_PATH}:/opt/ros/foxy /usr/bin/cmake --build /home/magnum/ros2_ws/src/robot/Ros-2-simulated-robot./src/drive_to_point/build/drive_to_point -- -j8 -l8
