[0.010s] Invoking command in '/home/magnum/simuate_ws/src/robot/src/project/build/project': CMAKE_PREFIX_PATH=/opt/ros/foxy /usr/bin/cmake --build /home/magnum/simuate_ws/src/robot/src/project/build/project -- -j8 -l8
[0.023s] -- Found ament_cmake: 0.9.11 (/opt/ros/foxy/share/ament_cmake/cmake)
[0.039s] -- Using PYTHON_EXECUTABLE: /usr/bin/python3
[0.184s] -- Found rclcpp: 2.4.2 (/opt/ros/foxy/share/rclcpp/cmake)
[0.205s] -- Using all available rosidl_typesupport_c: rosidl_typesupport_fastrtps_c;rosidl_typesupport_introspection_c
[0.206s] -- Found rosidl_adapter: 1.3.0 (/opt/ros/foxy/share/rosidl_adapter/cmake)
[0.291s] -- Using all available rosidl_typesupport_cpp: rosidl_typesupport_fastrtps_cpp;rosidl_typesupport_introspection_cpp
[0.317s] -- Found rmw_implementation_cmake: 1.0.3 (/opt/ros/foxy/share/rmw_implementation_cmake/cmake)
[0.318s] -- Using RMW implementation 'rmw_fastrtps_cpp' as default
[0.396s] -- Found geometry_msgs: 2.0.5 (/opt/ros/foxy/share/geometry_msgs/cmake)
[0.414s] -- Found ament_lint_auto: 0.9.7 (/opt/ros/foxy/share/ament_lint_auto/cmake)
[0.457s] -- Added test 'copyright' to check source files copyright and LICENSE
[0.462s] -- Added test 'cppcheck' to perform static code analysis on C / C++ code
[0.462s] -- Configured cppcheck include dirs: 
[0.462s] -- Configured cppcheck exclude dirs and/or files: 
[0.467s] -- Added test 'cpplint' to check C / C++ code against the Google style
[0.468s] -- Configured cpplint exclude dirs and/or files: 
[0.468s] -- Added test 'flake8' to check Python code syntax and style conventions
[0.470s] -- Added test 'lint_cmake' to check CMake code style
[0.471s] -- Added test 'pep257' to check Python code against some of the style conventions in PEP 257
[0.476s] -- Added test 'uncrustify' to check C / C++ code style
[0.476s] -- Configured uncrustify additional arguments: 
[0.477s] -- Added test 'xmllint' to check XML markup files
[0.477s] -- Configuring done
[0.481s] -- Generating done
[0.482s] -- Build files have been written to: /home/magnum/simuate_ws/src/robot/src/project/build/project
[0.496s] [ 50%] [32mBuilding CXX object CMakeFiles/project.dir/src/pub.cpp.o[0m
[0.520s] [01m[K/home/magnum/simuate_ws/src/robot/src/project/src/pub.cpp:3:10:[m[K [01;31m[Kfatal error: [m[Krclcpp/rclcpp.hpp: No such file or directory
[0.520s]     3 | #include [01;31m[K"rclcpp/rclcpp.hpp"[m[K
[0.520s]       |          [01;31m[K^~~~~~~~~~~~~~~~~~~[m[K
[0.520s] compilation terminated.
[0.521s] make[2]: *** [CMakeFiles/project.dir/build.make:76: CMakeFiles/project.dir/src/pub.cpp.o] Error 1
[0.521s] make[1]: *** [CMakeFiles/Makefile2:137: CMakeFiles/project.dir/all] Error 2
[0.521s] make: *** [Makefile:146: all] Error 2
[0.522s] Invoked command in '/home/magnum/simuate_ws/src/robot/src/project/build/project' returned '2': CMAKE_PREFIX_PATH=/opt/ros/foxy /usr/bin/cmake --build /home/magnum/simuate_ws/src/robot/src/project/build/project -- -j8 -l8
