[ 50%] [32mBuilding CXX object CMakeFiles/drive_to_point.dir/src/drive_point.cpp.o[0m
[01m[K/home/magnum/ros2_ws/src/robot/Ros-2-simulated-robot./src/drive_to_point/src/drive_point.cpp:15:8:[m[K [01;31m[Kerror: [m[Kâ€˜[01m[Kvoid MyNavigationNode::on_activate()[m[Kâ€™ marked â€˜[01m[Koverride[m[Kâ€™, but does not override
   15 |   void [01;31m[Kon_activate[m[K() override {
      |        [01;31m[K^~~~~~~~~~~[m[K
[01m[K/home/magnum/ros2_ws/src/robot/Ros-2-simulated-robot./src/drive_to_point/src/drive_point.cpp:[m[K In member function â€˜[01m[Kvoid MyNavigationNode::sendNavigationGoal()[m[Kâ€™:
[01m[K/home/magnum/ros2_ws/src/robot/Ros-2-simulated-robot./src/drive_to_point/src/drive_point.cpp:26:14:[m[K [01;31m[Kerror: [m[Kâ€˜[01m[Kstruct nav2_msgs::action::NavigateToPose[m[Kâ€™ has no member named â€˜[01m[Kpose[m[Kâ€™
   26 |     goal_msg.[01;31m[Kpose[m[K.pose.position.x = 1.0;
      |              [01;31m[K^~~~[m[K
[01m[K/home/magnum/ros2_ws/src/robot/Ros-2-simulated-robot./src/drive_to_point/src/drive_point.cpp:27:14:[m[K [01;31m[Kerror: [m[Kâ€˜[01m[Kstruct nav2_msgs::action::NavigateToPose[m[Kâ€™ has no member named â€˜[01m[Kpose[m[Kâ€™
   27 |     goal_msg.[01;31m[Kpose[m[K.pose.position.y = 2.0;
      |              [01;31m[K^~~~[m[K
[01m[K/home/magnum/ros2_ws/src/robot/Ros-2-simulated-robot./src/drive_to_point/src/drive_point.cpp:28:14:[m[K [01;31m[Kerror: [m[Kâ€˜[01m[Kstruct nav2_msgs::action::NavigateToPose[m[Kâ€™ has no member named â€˜[01m[Kpose[m[Kâ€™
   28 |     goal_msg.[01;31m[Kpose[m[K.pose.orientation.w = 1.0;
      |              [01;31m[K^~~~[m[K
[01m[K/home/magnum/ros2_ws/src/robot/Ros-2-simulated-robot./src/drive_to_point/src/drive_point.cpp:[m[K In function â€˜[01m[Kint main(int, char**)[m[Kâ€™:
[01m[K/home/magnum/ros2_ws/src/robot/Ros-2-simulated-robot./src/drive_to_point/src/drive_point.cpp:41:58:[m[K [01;31m[Kerror: [m[Kinvalid use of void expression
   41 |   executor.spin_until_future_complete(node->on_activate()[01;31m[K)[m[K;
      |                                                          [01;31m[K^[m[K
make[2]: *** [CMakeFiles/drive_to_point.dir/build.make:76: CMakeFiles/drive_to_point.dir/src/drive_point.cpp.o] Error 1
make[1]: *** [CMakeFiles/Makefile2:137: CMakeFiles/drive_to_point.dir/all] Error 2
make: *** [Makefile:146: all] Error 2
