[0.013s] Invoking command in '/home/magnum/simuate_ws/src/robot/src/propotional_bump_go/build/propotional_bump_go': CMAKE_PREFIX_PATH=${CMAKE_PREFIX_PATH}:/opt/ros/foxy /usr/bin/cmake --build /home/magnum/simuate_ws/src/robot/src/propotional_bump_go/build/propotional_bump_go -- -j8 -l8
[0.023s] -- Found ament_cmake: 0.9.11 (/opt/ros/foxy/share/ament_cmake/cmake)
[0.040s] -- Using PYTHON_EXECUTABLE: /usr/bin/python3
[0.185s] -- Found rclcpp: 2.4.2 (/opt/ros/foxy/share/rclcpp/cmake)
[0.205s] -- Using all available rosidl_typesupport_c: rosidl_typesupport_fastrtps_c;rosidl_typesupport_introspection_c
[0.207s] -- Found rosidl_adapter: 1.3.0 (/opt/ros/foxy/share/rosidl_adapter/cmake)
[0.293s] -- Using all available rosidl_typesupport_cpp: rosidl_typesupport_fastrtps_cpp;rosidl_typesupport_introspection_cpp
[0.319s] -- Found rmw_implementation_cmake: 1.0.3 (/opt/ros/foxy/share/rmw_implementation_cmake/cmake)
[0.320s] -- Using RMW implementation 'rmw_fastrtps_cpp' as default
[0.406s] -- Found sensor_msgs: 2.0.5 (/opt/ros/foxy/share/sensor_msgs/cmake)
[0.477s] -- Found ament_lint_auto: 0.9.7 (/opt/ros/foxy/share/ament_lint_auto/cmake)
[0.523s] -- Added test 'copyright' to check source files copyright and LICENSE
[0.527s] -- Added test 'cppcheck' to perform static code analysis on C / C++ code
[0.528s] -- Configured cppcheck include dirs: 
[0.528s] -- Configured cppcheck exclude dirs and/or files: 
[0.532s] -- Added test 'cpplint' to check C / C++ code against the Google style
[0.532s] -- Configured cpplint exclude dirs and/or files: 
[0.533s] -- Added test 'flake8' to check Python code syntax and style conventions
[0.534s] -- Added test 'lint_cmake' to check CMake code style
[0.535s] -- Added test 'pep257' to check Python code against some of the style conventions in PEP 257
[0.540s] -- Added test 'uncrustify' to check C / C++ code style
[0.540s] -- Configured uncrustify additional arguments: 
[0.541s] -- Added test 'xmllint' to check XML markup files
[0.541s] -- Configuring done
[0.549s] -- Generating done
[0.550s] -- Build files have been written to: /home/magnum/simuate_ws/src/robot/src/propotional_bump_go/build/propotional_bump_go
[0.563s] [ 50%] [32mBuilding CXX object CMakeFiles/bump_go_node.dir/src/bump_go_node.cpp.o[0m
[1.411s] In file included from [01m[K/home/magnum/simuate_ws/src/robot/src/propotional_bump_go/src/bump_go_node.cpp:2[m[K:
[1.411s] [01m[K/home/magnum/simuate_ws/src/robot/src/propotional_bump_go/src/bump_go.hpp:48:2:[m[K [01;35m[Kwarning: [m[Kextra â€˜[01m[K;[m[Kâ€™ [[01;35m[K-Wpedantic[m[K]
[1.412s]    48 | }[01;35m[K;[m[K//namespace bump_go_cpp
[1.412s]       |  [01;35m[K^[m[K
[1.420s] [01m[K/home/magnum/simuate_ws/src/robot/src/propotional_bump_go/src/bump_go_node.cpp:[m[K In constructor â€˜[01m[Kbump_go_cpp::bump_go::bump_go()[m[Kâ€™:
[1.420s] [01m[K/home/magnum/simuate_ws/src/robot/src/propotional_bump_go/src/bump_go_node.cpp:13:13:[m[K [01;31m[Kerror: [m[Kâ€˜[01m[Kvel_pub[m[Kâ€™ was not declared in this scope; did you mean â€˜[01m[Kvel_pub_[m[Kâ€™?
[1.420s]    13 |             [01;31m[Kvel_pub[m[K = this->create_publisher<geometry_msgs::msg::Twist>("/cmd_vel",10);
[1.420s]       |             [01;31m[K^~~~~~~[m[K
[1.420s]       |             [32m[Kvel_pub_[m[K
[1.421s] In file included from [01m[K/opt/ros/foxy/include/rclcpp/context.hpp:19[m[K,
[1.421s]                  from [01m[K/opt/ros/foxy/include/rclcpp/contexts/default_context.hpp:18[m[K,
[1.421s]                  from [01m[K/opt/ros/foxy/include/rclcpp/executor.hpp:32[m[K,
[1.421s]                  from [01m[K/opt/ros/foxy/include/rclcpp/executors/multi_threaded_executor.hpp:26[m[K,
[1.421s]                  from [01m[K/opt/ros/foxy/include/rclcpp/executors.hpp:21[m[K,
[1.421s]                  from [01m[K/opt/ros/foxy/include/rclcpp/rclcpp.hpp:146[m[K,
[1.421s]                  from [01m[K/home/magnum/simuate_ws/src/robot/src/propotional_bump_go/src/bump_go.hpp:4[m[K,
[1.421s]                  from [01m[K/home/magnum/simuate_ws/src/robot/src/propotional_bump_go/src/bump_go_node.cpp:2[m[K:
[1.421s] /usr/include/c++/9/functional: In instantiation of â€˜[01m[Kstruct std::_Bind_check_arity<void (bump_go_cpp::bump_go::*)()>[m[Kâ€™:
[1.422s] [01m[K/usr/include/c++/9/functional:787:12:[m[K   required from â€˜[01m[Kstruct std::_Bind_helper<false, void (bump_go_cpp::bump_go::*)()>[m[Kâ€™
[1.422s] [01m[K/usr/include/c++/9/functional:808:5:[m[K   required by substitution of â€˜[01m[Ktemplate<class _Func, class ... _BoundArgs> typename std::_Bind_helper<std::__is_socketlike<_Func>::value, _Func, _BoundArgs ...>::type std::bind(_Func&&, _BoundArgs&& ...) [with _Func = void (bump_go_cpp::bump_go::*)(); _BoundArgs = {}][m[Kâ€™
[1.422s] [01m[K/home/magnum/simuate_ws/src/robot/src/propotional_bump_go/src/bump_go_node.cpp:14:84:[m[K   required from here
[1.422s] [01m[K/usr/include/c++/9/functional:775:7:[m[K [01;31m[Kerror: [m[Kstatic assertion failed: Wrong number of arguments for pointer-to-member
[1.422s]   774 |       static_assert(_Varargs::[01;31m[Kvalue[m[K
[1.422s]       |                               [01;31m[K~~~~~[m[K
[1.422s]   775 | [01;31m[K      ? sizeof...(_BoundArgs) >= _Arity::value + 1[m[K
[1.422s]       |       [01;31m[K^~~~~~~~~~~~~~~~~~~~~~~~~~~~~~~~~~~~~~~~~~~~[m[K
[1.422s]   776 | [01;31m[K      : sizeof...(_BoundArgs) == _Arity::value + 1[m[K,
[1.422s]       |       [01;31m[K~~~~~~~~~~~~~~~~~~~~~~~~~~~~~~~~~~~~~~~~~~~~[m[K
[1.422s] /usr/include/c++/9/functional: In substitution of â€˜[01m[Ktemplate<class _Functor, class ... _Bound_args> template<class _Fn, class _CallArgs, class ... _BArgs> using _Res_type_impl = typename std::result_of<_Fn&(std::_Bind<_Functor(_Bound_args ...)>::_Mu_type<_BArgs, _CallArgs>&& ...)>::type [with _Fn = void (bump_go_cpp::bump_go::*)(); _CallArgs = _CallArgs; _BArgs = {}; _Functor = void (bump_go_cpp::bump_go::*)(); _Bound_args = {}][m[Kâ€™:
[1.422s] [01m[K/usr/include/c++/9/functional:447:8:[m[K   required from â€˜[01m[Kstruct std::_Bind<void (bump_go_cpp::bump_go::*())()>[m[Kâ€™
[1.422s] [01m[K/home/magnum/simuate_ws/src/robot/src/propotional_bump_go/src/bump_go_node.cpp:14:84:[m[K   required from here
[1.422s] [01m[K/usr/include/c++/9/functional:443:8:[m[K [01;31m[Kerror: [m[Kno type named â€˜[01m[Ktype[m[Kâ€™ in â€˜[01m[Kclass std::result_of<void (bump_go_cpp::bump_go::*&())()>[m[Kâ€™
[1.422s]   443 |  using [01;31m[K_Res_type_impl[m[K
[1.422s]       |        [01;31m[K^~~~~~~~~~~~~~[m[K
[1.422s] /usr/include/c++/9/functional: In substitution of â€˜[01m[Ktemplate<class _Functor, class ... _Bound_args> template<class _Fn, class _CallArgs, class ... _BArgs> using _Res_type_impl = typename std::result_of<_Fn&(std::_Bind<_Functor(_Bound_args ...)>::_Mu_type<_BArgs, _CallArgs>&& ...)>::type [with _Fn = void (bump_go_cpp::bump_go::*)(); _CallArgs = std::tuple<_Tps ...>; _BArgs = {}; _Functor = void (bump_go_cpp::bump_go::*)(); _Bound_args = {}][m[Kâ€™:
[1.422s] [01m[K/usr/include/c++/9/functional:447:8:[m[K   required by substitution of â€˜[01m[Ktemplate<class _Functor, class ... _Bound_args> template<class _CallArgs> using _Res_type = std::_Bind<_Functor(_Bound_args ...)>::_Res_type_impl<_Functor, _CallArgs, _Bound_args ...> [with _CallArgs = std::tuple<_Tps ...>; _Functor = void (bump_go_cpp::bump_go::*)(); _Bound_args = {}][m[Kâ€™
[1.423s] [01m[K/usr/include/c++/9/functional:480:2:[m[K   required from â€˜[01m[Kstruct std::_Bind<void (bump_go_cpp::bump_go::*())()>[m[Kâ€™
[1.423s] [01m[K/home/magnum/simuate_ws/src/robot/src/propotional_bump_go/src/bump_go_node.cpp:14:84:[m[K   required from here
[1.423s] [01m[K/usr/include/c++/9/functional:443:8:[m[K [01;31m[Kerror: [m[Kno type named â€˜[01m[Ktype[m[Kâ€™ in â€˜[01m[Kclass std::result_of<void (bump_go_cpp::bump_go::*&())()>[m[Kâ€™
[1.423s] [01m[K/home/magnum/simuate_ws/src/robot/src/propotional_bump_go/src/bump_go_node.cpp:14:90:[m[K [01;31m[Kerror: [m[Kno matching function for call to â€˜[01m[Kbump_go_cpp::bump_go::create_wall_timer(std::chrono::milliseconds, std::_Bind_helper<false, void (bump_go_cpp::bump_go::*)()>::type, bump_go_cpp::bump_go*)[m[Kâ€™
[1.423s]    14 | reate_wall_timer(50ms,std::bind(&bump_go::control_cycle),this[01;31m[K)[m[K;
[1.423s]       |                                                              [01;31m[K^[m[K
[1.423s] 
[1.423s] In file included from [01m[K/opt/ros/foxy/include/rclcpp/executors/single_threaded_executor.hpp:28[m[K,
[1.423s]                  from [01m[K/opt/ros/foxy/include/rclcpp/executors.hpp:22[m[K,
[1.423s]                  from [01m[K/opt/ros/foxy/include/rclcpp/rclcpp.hpp:146[m[K,
[1.423s]                  from [01m[K/home/magnum/simuate_ws/src/robot/src/propotional_bump_go/src/bump_go.hpp:4[m[K,
[1.423s]                  from [01m[K/home/magnum/simuate_ws/src/robot/src/propotional_bump_go/src/bump_go_node.cpp:2[m[K:
[1.423s] [01m[K/opt/ros/foxy/include/rclcpp/node.hpp:232:3:[m[K [01;36m[Knote: [m[Kcandidate: â€˜[01m[Ktemplate<class DurationRepT, class DurationT, class CallbackT> typename rclcpp::WallTimer<CallbackT>::SharedPtr rclcpp::Node::create_wall_timer(std::chrono::duration<_Rep1, _Period1>, CallbackT, rclcpp::CallbackGroup::SharedPtr)[m[Kâ€™
[1.423s]   232 |   [01;36m[Kcreate_wall_timer[m[K(
[1.423s]       |   [01;36m[K^~~~~~~~~~~~~~~~~[m[K
[1.423s] [01m[K/opt/ros/foxy/include/rclcpp/node.hpp:232:3:[m[K [01;36m[Knote: [m[K  template argument deduction/substitution failed:
[1.423s] [01m[K/home/magnum/simuate_ws/src/robot/src/propotional_bump_go/src/bump_go_node.cpp:14:90:[m[K [01;36m[Knote: [m[K  cannot convert â€˜[01m[K(bump_go_cpp::bump_go*)this[m[Kâ€™ (type â€˜[01m[Kbump_go_cpp::bump_go*[m[Kâ€™) to type â€˜[01m[Krclcpp::CallbackGroup::SharedPtr[m[Kâ€™ {aka â€˜[01m[Kstd::shared_ptr<rclcpp::CallbackGroup>[m[Kâ€™}
[1.423s]    14 | reate_wall_timer(50ms,std::bind(&bump_go::control_cycle),this[01;36m[K)[m[K;
[1.423s]       |                                                              [01;36m[K^[m[K
[1.423s] 
[1.428s] [01m[K/home/magnum/simuate_ws/src/robot/src/propotional_bump_go/src/bump_go_node.cpp:[m[K At global scope:
[1.428s] [01m[K/home/magnum/simuate_ws/src/robot/src/propotional_bump_go/src/bump_go_node.cpp:55:2:[m[K [01;35m[Kwarning: [m[Kextra â€˜[01m[K;[m[Kâ€™ [[01;35m[K-Wpedantic[m[K]
[1.428s]    55 | }[01;35m[K;[m[K // namespace bump_go_cpp
[1.428s]       |  [01;35m[K^[m[K
[2.413s] make[2]: *** [CMakeFiles/bump_go_node.dir/build.make:76: CMakeFiles/bump_go_node.dir/src/bump_go_node.cpp.o] Error 1
[2.413s] make[1]: *** [CMakeFiles/Makefile2:137: CMakeFiles/bump_go_node.dir/all] Error 2
[2.413s] make: *** [Makefile:146: all] Error 2
[2.414s] Invoked command in '/home/magnum/simuate_ws/src/robot/src/propotional_bump_go/build/propotional_bump_go' returned '2': CMAKE_PREFIX_PATH=${CMAKE_PREFIX_PATH}:/opt/ros/foxy /usr/bin/cmake --build /home/magnum/simuate_ws/src/robot/src/propotional_bump_go/build/propotional_bump_go -- -j8 -l8
