[0.014s] Invoking command in '/home/magnum/ros2_ws/src/robot/Ros-2-simulated-robot./src/drive_to_point/build/drive_to_point': CMAKE_PREFIX_PATH=${CMAKE_PREFIX_PATH}:/opt/ros/foxy /usr/bin/cmake --build /home/magnum/ros2_ws/src/robot/Ros-2-simulated-robot./src/drive_to_point/build/drive_to_point -- -j8 -l8
[0.040s] [ 50%] [32mBuilding CXX object CMakeFiles/drive_to_point.dir/src/drive_point.cpp.o[0m
[1.030s] In file included from [01m[K/usr/include/c++/9/memory:81[m[K,
[1.030s]                  from [01m[K/opt/ros/foxy/include/rclcpp/rclcpp.hpp:144[m[K,
[1.030s]                  from [01m[K/home/magnum/ros2_ws/src/robot/Ros-2-simulated-robot./src/drive_to_point/src/drive_point.cpp:1[m[K:
[1.030s] /usr/include/c++/9/bits/shared_ptr.h: In instantiation of â€˜[01m[Kbool std::operator==(const std::shared_ptr<_Tp>&, const std::shared_ptr<_Tp>&) [with _Tp = rclcpp::Publisher<nav2_msgs::action::NavigateToPose_Goal_<std::allocator<void> > >; _Up = rclcpp::Publisher<nav2_msgs::action::NavigateToPose, std::allocator<void> >][m[Kâ€™:
[1.030s] [01m[K/home/magnum/ros2_ws/src/robot/Ros-2-simulated-robot./src/drive_to_point/src/drive_point.cpp:11:114:[m[K   required from here
[1.030s] [01m[K/usr/include/c++/9/bits/shared_ptr.h:384:24:[m[K [01;31m[Kerror: [m[Kcomparison between distinct pointer types â€˜[01m[Kstd::__shared_ptr<rclcpp::Publisher<nav2_msgs::action::NavigateToPose_Goal_<std::allocator<void> > >, __gnu_cxx::_S_atomic>::element_type*[m[Kâ€™ {aka â€˜[01m[Krclcpp::Publisher<nav2_msgs::action::NavigateToPose_Goal_<std::allocator<void> > >*[m[Kâ€™} and â€˜[01m[Kstd::__shared_ptr<rclcpp::Publisher<nav2_msgs::action::NavigateToPose, std::allocator<void> >, __gnu_cxx::_S_atomic>::element_type*[m[Kâ€™ {aka â€˜[01m[Krclcpp::Publisher<nav2_msgs::action::NavigateToPose, std::allocator<void> >*[m[Kâ€™} lacks a cast
[1.030s]   384 |     { return __a.get() == __b.get(); }
[1.662s] make[2]: *** [CMakeFiles/drive_to_point.dir/build.make:76: CMakeFiles/drive_to_point.dir/src/drive_point.cpp.o] Error 1
[1.662s] make[1]: *** [CMakeFiles/Makefile2:137: CMakeFiles/drive_to_point.dir/all] Error 2
[1.662s] make: *** [Makefile:146: all] Error 2
[1.664s] Invoked command in '/home/magnum/ros2_ws/src/robot/Ros-2-simulated-robot./src/drive_to_point/build/drive_to_point' returned '2': CMAKE_PREFIX_PATH=${CMAKE_PREFIX_PATH}:/opt/ros/foxy /usr/bin/cmake --build /home/magnum/ros2_ws/src/robot/Ros-2-simulated-robot./src/drive_to_point/build/drive_to_point -- -j8 -l8
