[0.012s] Invoking command in '/home/magnum/simuate_ws/src/robot/src/propotional_bump_go/build/propotional_bump_go': CMAKE_PREFIX_PATH=${CMAKE_PREFIX_PATH}:/opt/ros/foxy /usr/bin/cmake --build /home/magnum/simuate_ws/src/robot/src/propotional_bump_go/build/propotional_bump_go -- -j8 -l8
[0.035s] [ 50%] [32mBuilding CXX object CMakeFiles/bump_go_node.dir/src/bump_go_node.cpp.o[0m
[0.873s] In file included from [01m[K/home/magnum/simuate_ws/src/robot/src/propotional_bump_go/src/bump_go_node.cpp:2[m[K:
[0.873s] [01m[K/home/magnum/simuate_ws/src/robot/src/propotional_bump_go/src/bump_go.hpp:48:2:[m[K [01;35m[Kwarning: [m[Kextra â€˜[01m[K;[m[Kâ€™ [[01;35m[K-Wpedantic[m[K]
[0.873s]    48 | }[01;35m[K;[m[K//namespace bump_go_cpp
[0.873s]       |  [01;35m[K^[m[K
[3.375s] [100%] [32m[1mLinking CXX executable bump_go_node[0m
[3.566s] /usr/bin/ld: /usr/lib/gcc/x86_64-linux-gnu/9/../../../x86_64-linux-gnu/Scrt1.o: in function `_start':
[3.566s] (.text+0x24): undefined reference to `main'
[3.571s] collect2: error: ld returned 1 exit status
[3.572s] make[2]: *** [CMakeFiles/bump_go_node.dir/build.make:154: bump_go_node] Error 1
[3.572s] make[1]: *** [CMakeFiles/Makefile2:137: CMakeFiles/bump_go_node.dir/all] Error 2
[3.572s] make: *** [Makefile:146: all] Error 2
[3.573s] Invoked command in '/home/magnum/simuate_ws/src/robot/src/propotional_bump_go/build/propotional_bump_go' returned '2': CMAKE_PREFIX_PATH=${CMAKE_PREFIX_PATH}:/opt/ros/foxy /usr/bin/cmake --build /home/magnum/simuate_ws/src/robot/src/propotional_bump_go/build/propotional_bump_go -- -j8 -l8
