[ 66%] Built target project
[ 66%] Built target move
[ 83%] [32mBuilding CXX object CMakeFiles/sub.dir/src/sub.cpp.o[0m
[01m[K/home/magnum/simuate_ws/src/robot/src/project/src/sub.cpp:[m[K In constructor â€˜[01m[Ksubscriber::subscriber()[m[Kâ€™:
[01m[K/home/magnum/simuate_ws/src/robot/src/project/src/sub.cpp:10:129:[m[K [01;31m[Kerror: [m[Kno matching function for call to â€˜[01m[Ksubscriber::create_subscription<geometry_msgs::msg::Twist>(const char [9], std::_Bind_helper<false, void (subscriber::*)(std::shared_ptr<geometry_msgs::msg::Twist_<std::allocator<void> > >) const, subscriber*, const std::_Placeholder<1>&>::type)[m[Kâ€™
   10 |         sub = this->create_subscription<geometry_msgs::msg::Twist>("/cmd_vel",std::bind(&subscriber::subscriber_message,this,_1)[01;31m[K)[m[K;
      |                                                                                                                                 [01;31m[K^[m[K
In file included from [01m[K/opt/ros/foxy/include/rclcpp/executors/single_threaded_executor.hpp:28[m[K,
                 from [01m[K/opt/ros/foxy/include/rclcpp/executors.hpp:22[m[K,
                 from [01m[K/opt/ros/foxy/include/rclcpp/rclcpp.hpp:146[m[K,
                 from [01m[K/home/magnum/simuate_ws/src/robot/src/project/src/sub.cpp:2[m[K:
[01m[K/opt/ros/foxy/include/rclcpp/node.hpp:213:3:[m[K [01;36m[Knote: [m[Kcandidate: â€˜[01m[Ktemplate<class MessageT, class CallbackT, class AllocatorT, class CallbackMessageT, class SubscriptionT, class MessageMemoryStrategyT> std::shared_ptr<SubscriptionT> rclcpp::Node::create_subscription(const string&, const rclcpp::QoS&, CallbackT&&, const rclcpp::SubscriptionOptionsWithAllocator<AllocatorT>&, typename MessageMemoryStrategyT::SharedPtr)[m[Kâ€™
  213 |   [01;36m[Kcreate_subscription[m[K(
      |   [01;36m[K^~~~~~~~~~~~~~~~~~~[m[K
[01m[K/opt/ros/foxy/include/rclcpp/node.hpp:213:3:[m[K [01;36m[Knote: [m[K  template argument deduction/substitution failed:
[01m[K/home/magnum/simuate_ws/src/robot/src/project/src/sub.cpp:10:129:[m[K [01;36m[Knote: [m[K  candidate expects 5 arguments, 2 provided
   10 |         sub = this->create_subscription<geometry_msgs::msg::Twist>("/cmd_vel",std::bind(&subscriber::subscriber_message,this,_1)[01;36m[K)[m[K;
      |                                                                                                                                 [01;36m[K^[m[K
make[2]: *** [CMakeFiles/sub.dir/build.make:76: CMakeFiles/sub.dir/src/sub.cpp.o] Error 1
make[1]: *** [CMakeFiles/Makefile2:193: CMakeFiles/sub.dir/all] Error 2
make: *** [Makefile:146: all] Error 2
