[0.023s] Invoking command in '/home/magnum/ros2_ws/src/robot/Ros-2-simulated-robot./src/drive_to_point/build/drive_to_point': CMAKE_PREFIX_PATH=${CMAKE_PREFIX_PATH}:/opt/ros/foxy /usr/bin/cmake --build /home/magnum/ros2_ws/src/robot/Ros-2-simulated-robot./src/drive_to_point/build/drive_to_point -- -j8 -l8
[0.057s] [ 50%] [32mBuilding CXX object CMakeFiles/drive_to_point.dir/src/drive_point.cpp.o[0m
[1.718s] [01m[K/home/magnum/ros2_ws/src/robot/Ros-2-simulated-robot./src/drive_to_point/src/drive_point.cpp:[m[K In function â€˜[01m[Kint main(int, char**)[m[Kâ€™:
[1.719s] [01m[K/home/magnum/ros2_ws/src/robot/Ros-2-simulated-robot./src/drive_to_point/src/drive_point.cpp:101:32:[m[K [01;31m[Kerror: [m[Kâ€˜[01m[KWaypointFollower[m[Kâ€™ was not declared in this scope
[1.719s]   101 |   auto node = std::make_shared<[01;31m[KWaypointFollower[m[K>();
[1.719s]       |                                [01;31m[K^~~~~~~~~~~~~~~~[m[K
[1.719s] [01m[K/home/magnum/ros2_ws/src/robot/Ros-2-simulated-robot./src/drive_to_point/src/drive_point.cpp:101:50:[m[K [01;31m[Kerror: [m[Kno matching function for call to â€˜[01m[Kmake_shared<<expression error> >()[m[Kâ€™
[1.719s]   101 |   auto node = std::make_shared<WaypointFollower>([01;31m[K)[m[K;
[1.719s]       |                                                  [01;31m[K^[m[K
[1.719s] In file included from [01m[K/usr/include/c++/9/memory:81[m[K,
[1.719s]                  from [01m[K/home/magnum/ros2_ws/src/robot/Ros-2-simulated-robot./src/drive_to_point/src/drive_point.cpp:2[m[K:
[1.719s] [01m[K/usr/include/c++/9/bits/shared_ptr.h:714:5:[m[K [01;36m[Knote: [m[Kcandidate: â€˜[01m[Ktemplate<class _Tp, class ... _Args> std::shared_ptr<_Tp> std::make_shared(_Args&& ...)[m[Kâ€™
[1.719s]   714 |     [01;36m[Kmake_shared[m[K(_Args&&... __args)
[1.720s]       |     [01;36m[K^~~~~~~~~~~[m[K
[1.720s] [01m[K/usr/include/c++/9/bits/shared_ptr.h:714:5:[m[K [01;36m[Knote: [m[K  template argument deduction/substitution failed:
[1.720s] [01m[K/home/magnum/ros2_ws/src/robot/Ros-2-simulated-robot./src/drive_to_point/src/drive_point.cpp:101:50:[m[K [01;31m[Kerror: [m[Ktemplate argument 1 is invalid
[1.720s]   101 |   auto node = std::make_shared<WaypointFollower>([01;31m[K)[m[K;
[1.720s]       |                                                  [01;31m[K^[m[K
[3.351s] make[2]: *** [CMakeFiles/drive_to_point.dir/build.make:76: CMakeFiles/drive_to_point.dir/src/drive_point.cpp.o] Error 1
[3.351s] make[1]: *** [CMakeFiles/Makefile2:137: CMakeFiles/drive_to_point.dir/all] Error 2
[3.351s] make: *** [Makefile:146: all] Error 2
[3.353s] Invoked command in '/home/magnum/ros2_ws/src/robot/Ros-2-simulated-robot./src/drive_to_point/build/drive_to_point' returned '2': CMAKE_PREFIX_PATH=${CMAKE_PREFIX_PATH}:/opt/ros/foxy /usr/bin/cmake --build /home/magnum/ros2_ws/src/robot/Ros-2-simulated-robot./src/drive_to_point/build/drive_to_point -- -j8 -l8
