[0.015s] Invoking command in '/home/magnum/ros2_ws/src/robot/Ros-2-simulated-robot./src/drive_to_point/build/drive_to_point': CMAKE_PREFIX_PATH=${CMAKE_PREFIX_PATH}:/opt/ros/foxy /usr/bin/cmake --build /home/magnum/ros2_ws/src/robot/Ros-2-simulated-robot./src/drive_to_point/build/drive_to_point -- -j8 -l8
[0.039s] [ 50%] [32mBuilding CXX object CMakeFiles/drive_to_point.dir/src/drive_point.cpp.o[0m
[0.942s] [01m[K/home/magnum/ros2_ws/src/robot/Ros-2-simulated-robot./src/drive_to_point/src/drive_point.cpp:[m[K In constructor â€˜[01m[KNavigateGoal::NavigateGoal()[m[Kâ€™:
[0.943s] [01m[K/home/magnum/ros2_ws/src/robot/Ros-2-simulated-robot./src/drive_to_point/src/drive_point.cpp:11:113:[m[K [01;31m[Kerror: [m[Kno match for â€˜[01m[Koperator=[m[Kâ€™ (operand types are â€˜[01m[Krclcpp::Publisher<nav2_msgs::action::NavigateToPose_Goal_<std::allocator<void> > >::SharedPtr[m[Kâ€™ {aka â€˜[01m[Kstd::shared_ptr<rclcpp::Publisher<nav2_msgs::action::NavigateToPose_Goal_<std::allocator<void> > > >[m[Kâ€™} and â€˜[01m[Kstd::shared_ptr<rclcpp::Publisher<nav2_msgs::action::NavigateToPose, std::allocator<void> > >[m[Kâ€™)
[0.943s]    11 | her<nav2_msgs::action::NavigateToPose>("/navigate_topose", 10[01;31m[K)[m[K;
[0.943s]       |                                                              [01;31m[K^[m[K
[0.943s] 
[0.943s] In file included from [01m[K/usr/include/c++/9/memory:81[m[K,
[0.943s]                  from [01m[K/opt/ros/foxy/include/rclcpp/rclcpp.hpp:144[m[K,
[0.943s]                  from [01m[K/home/magnum/ros2_ws/src/robot/Ros-2-simulated-robot./src/drive_to_point/src/drive_point.cpp:1[m[K:
[0.943s] [01m[K/usr/include/c++/9/bits/shared_ptr.h:309:19:[m[K [01;36m[Knote: [m[Kcandidate: â€˜[01m[Kstd::shared_ptr<_Tp>& std::shared_ptr<_Tp>::operator=(const std::shared_ptr<_Tp>&) [with _Tp = rclcpp::Publisher<nav2_msgs::action::NavigateToPose_Goal_<std::allocator<void> > >][m[Kâ€™
[0.943s]   309 |       shared_ptr& [01;36m[Koperator[m[K=(const shared_ptr&) noexcept = default;
[0.943s]       |                   [01;36m[K^~~~~~~~[m[K
[0.943s] [01m[K/usr/include/c++/9/bits/shared_ptr.h:309:29:[m[K [01;36m[Knote: [m[K  no known conversion for argument 1 from â€˜[01m[Kstd::shared_ptr<rclcpp::Publisher<nav2_msgs::action::NavigateToPose, std::allocator<void> > >[m[Kâ€™ to â€˜[01m[Kconst std::shared_ptr<rclcpp::Publisher<nav2_msgs::action::NavigateToPose_Goal_<std::allocator<void> > > >&[m[Kâ€™
[0.943s]   309 |       shared_ptr& operator=([01;36m[Kconst shared_ptr&[m[K) noexcept = default;
[0.943s]       |                             [01;36m[K^~~~~~~~~~~~~~~~~[m[K
[0.943s] [01m[K/usr/include/c++/9/bits/shared_ptr.h:313:2:[m[K [01;36m[Knote: [m[Kcandidate: â€˜[01m[Ktemplate<class _Yp> std::shared_ptr<_Tp>::_Assignable<const std::shared_ptr<_Yp>&> std::shared_ptr<_Tp>::operator=(const std::shared_ptr<_Yp>&) [with _Yp = _Yp; _Tp = rclcpp::Publisher<nav2_msgs::action::NavigateToPose_Goal_<std::allocator<void> > >][m[Kâ€™
[0.943s]   313 |  [01;36m[Koperator[m[K=(const shared_ptr<_Yp>& __r) noexcept
[0.943s]       |  [01;36m[K^~~~~~~~[m[K
[0.943s] [01m[K/usr/include/c++/9/bits/shared_ptr.h:313:2:[m[K [01;36m[Knote: [m[K  template argument deduction/substitution failed:
[0.944s] /usr/include/c++/9/bits/shared_ptr.h: In substitution of â€˜[01m[Ktemplate<class _Tp> template<class _Arg> using _Assignable = typename std::enable_if<std::is_assignable<std::__shared_ptr<_Tp>&, _Arg>::value, std::shared_ptr<_Tp>&>::type [with _Arg = const std::shared_ptr<rclcpp::Publisher<nav2_msgs::action::NavigateToPose, std::allocator<void> > >&; _Tp = rclcpp::Publisher<nav2_msgs::action::NavigateToPose_Goal_<std::allocator<void> > >][m[Kâ€™:
[0.944s] [01m[K/usr/include/c++/9/bits/shared_ptr.h:313:2:[m[K   required by substitution of â€˜[01m[Ktemplate<class _Yp> std::shared_ptr<rclcpp::Publisher<nav2_msgs::action::NavigateToPose_Goal_<std::allocator<void> > > >::_Assignable<const std::shared_ptr<_Tp>&> std::shared_ptr<rclcpp::Publisher<nav2_msgs::action::NavigateToPose_Goal_<std::allocator<void> > > >::operator=<_Yp>(const std::shared_ptr<_Tp>&) [with _Yp = rclcpp::Publisher<nav2_msgs::action::NavigateToPose, std::allocator<void> >][m[Kâ€™
[0.944s] [01m[K/home/magnum/ros2_ws/src/robot/Ros-2-simulated-robot./src/drive_to_point/src/drive_point.cpp:11:113:[m[K   required from here
[0.944s] [01m[K/usr/include/c++/9/bits/shared_ptr.h:111:8:[m[K [01;31m[Kerror: [m[Kno type named â€˜[01m[Ktype[m[Kâ€™ in â€˜[01m[Kstruct std::enable_if<false, std::shared_ptr<rclcpp::Publisher<nav2_msgs::action::NavigateToPose_Goal_<std::allocator<void> > > >&>[m[Kâ€™
[0.944s]   111 |  using [01;31m[K_Assignable[m[K = typename enable_if<
[0.944s]       |        [01;31m[K^~~~~~~~~~~[m[K
[0.944s] [01m[K/usr/include/c++/9/bits/shared_ptr.h:324:2:[m[K [01;36m[Knote: [m[Kcandidate: â€˜[01m[Ktemplate<class _Yp> std::shared_ptr<_Tp>::_Assignable<std::auto_ptr<_Up> > std::shared_ptr<_Tp>::operator=(std::auto_ptr<_Up>&&) [with _Yp = _Yp; _Tp = rclcpp::Publisher<nav2_msgs::action::NavigateToPose_Goal_<std::allocator<void> > >][m[Kâ€™
[0.944s]   324 |  [01;36m[Koperator[m[K=(auto_ptr<_Yp>&& __r)
[0.944s]       |  [01;36m[K^~~~~~~~[m[K
[0.944s] [01m[K/usr/include/c++/9/bits/shared_ptr.h:324:2:[m[K [01;36m[Knote: [m[K  template argument deduction/substitution failed:
[0.944s] [01m[K/home/magnum/ros2_ws/src/robot/Ros-2-simulated-robot./src/drive_to_point/src/drive_point.cpp:11:113:[m[K [01;36m[Knote: [m[K  â€˜[01m[Kstd::shared_ptr<rclcpp::Publisher<nav2_msgs::action::NavigateToPose, std::allocator<void> > >[m[Kâ€™ is not derived from â€˜[01m[Kstd::auto_ptr<_Up>[m[Kâ€™
[0.944s]    11 | her<nav2_msgs::action::NavigateToPose>("/navigate_topose", 10[01;36m[K)[m[K;
[0.944s]       |                                                              [01;36m[K^[m[K
[0.944s] 
[0.944s] In file included from [01m[K/usr/include/c++/9/memory:81[m[K,
[0.944s]                  from [01m[K/opt/ros/foxy/include/rclcpp/rclcpp.hpp:144[m[K,
[0.944s]                  from [01m[K/home/magnum/ros2_ws/src/robot/Ros-2-simulated-robot./src/drive_to_point/src/drive_point.cpp:1[m[K:
[0.944s] [01m[K/usr/include/c++/9/bits/shared_ptr.h:333:7:[m[K [01;36m[Knote: [m[Kcandidate: â€˜[01m[Kstd::shared_ptr<_Tp>& std::shared_ptr<_Tp>::operator=(std::shared_ptr<_Tp>&&) [with _Tp = rclcpp::Publisher<nav2_msgs::action::NavigateToPose_Goal_<std::allocator<void> > >][m[Kâ€™
[0.945s]   333 |       [01;36m[Koperator[m[K=(shared_ptr&& __r) noexcept
[0.945s]       |       [01;36m[K^~~~~~~~[m[K
[0.945s] [01m[K/usr/include/c++/9/bits/shared_ptr.h:333:30:[m[K [01;36m[Knote: [m[K  no known conversion for argument 1 from â€˜[01m[Kstd::shared_ptr<rclcpp::Publisher<nav2_msgs::action::NavigateToPose, std::allocator<void> > >[m[Kâ€™ to â€˜[01m[Kstd::shared_ptr<rclcpp::Publisher<nav2_msgs::action::NavigateToPose_Goal_<std::allocator<void> > > >&&[m[Kâ€™
[0.945s]   333 |       operator=([01;36m[Kshared_ptr&& __r[m[K) noexcept
[0.945s]       |                 [01;36m[K~~~~~~~~~~~~~^~~[m[K
[0.945s] [01m[K/usr/include/c++/9/bits/shared_ptr.h:341:2:[m[K [01;36m[Knote: [m[Kcandidate: â€˜[01m[Ktemplate<class _Yp> std::shared_ptr<_Tp>::_Assignable<std::shared_ptr<_Yp> > std::shared_ptr<_Tp>::operator=(std::shared_ptr<_Yp>&&) [with _Yp = _Yp; _Tp = rclcpp::Publisher<nav2_msgs::action::NavigateToPose_Goal_<std::allocator<void> > >][m[Kâ€™
[0.945s]   341 |  [01;36m[Koperator[m[K=(shared_ptr<_Yp>&& __r) noexcept
[0.945s]       |  [01;36m[K^~~~~~~~[m[K
[0.945s] [01m[K/usr/include/c++/9/bits/shared_ptr.h:341:2:[m[K [01;36m[Knote: [m[K  template argument deduction/substitution failed:
[0.945s] /usr/include/c++/9/bits/shared_ptr.h: In substitution of â€˜[01m[Ktemplate<class _Tp> template<class _Arg> using _Assignable = typename std::enable_if<std::is_assignable<std::__shared_ptr<_Tp>&, _Arg>::value, std::shared_ptr<_Tp>&>::type [with _Arg = std::shared_ptr<rclcpp::Publisher<nav2_msgs::action::NavigateToPose, std::allocator<void> > >; _Tp = rclcpp::Publisher<nav2_msgs::action::NavigateToPose_Goal_<std::allocator<void> > >][m[Kâ€™:
[0.945s] [01m[K/usr/include/c++/9/bits/shared_ptr.h:341:2:[m[K   required by substitution of â€˜[01m[Ktemplate<class _Yp> std::shared_ptr<rclcpp::Publisher<nav2_msgs::action::NavigateToPose_Goal_<std::allocator<void> > > >::_Assignable<std::shared_ptr<_Tp> > std::shared_ptr<rclcpp::Publisher<nav2_msgs::action::NavigateToPose_Goal_<std::allocator<void> > > >::operator=<_Yp>(std::shared_ptr<_Tp>&&) [with _Yp = rclcpp::Publisher<nav2_msgs::action::NavigateToPose, std::allocator<void> >][m[Kâ€™
[0.945s] [01m[K/home/magnum/ros2_ws/src/robot/Ros-2-simulated-robot./src/drive_to_point/src/drive_point.cpp:11:113:[m[K   required from here
[0.945s] [01m[K/usr/include/c++/9/bits/shared_ptr.h:111:8:[m[K [01;31m[Kerror: [m[Kno type named â€˜[01m[Ktype[m[Kâ€™ in â€˜[01m[Kstruct std::enable_if<false, std::shared_ptr<rclcpp::Publisher<nav2_msgs::action::NavigateToPose_Goal_<std::allocator<void> > > >&>[m[Kâ€™
[0.945s]   111 |  using [01;31m[K_Assignable[m[K = typename enable_if<
[0.945s]       |        [01;31m[K^~~~~~~~~~~[m[K
[0.945s] [01m[K/usr/include/c++/9/bits/shared_ptr.h:349:2:[m[K [01;36m[Knote: [m[Kcandidate: â€˜[01m[Ktemplate<class _Yp, class _Del> std::shared_ptr<_Tp>::_Assignable<std::unique_ptr<_Up, _Ep> > std::shared_ptr<_Tp>::operator=(std::unique_ptr<_Up, _Ep>&&) [with _Yp = _Yp; _Del = _Del; _Tp = rclcpp::Publisher<nav2_msgs::action::NavigateToPose_Goal_<std::allocator<void> > >][m[Kâ€™
[0.945s]   349 |  [01;36m[Koperator[m[K=(unique_ptr<_Yp, _Del>&& __r)
[0.946s]       |  [01;36m[K^~~~~~~~[m[K
[0.946s] [01m[K/usr/include/c++/9/bits/shared_ptr.h:349:2:[m[K [01;36m[Knote: [m[K  template argument deduction/substitution failed:
[0.946s] [01m[K/home/magnum/ros2_ws/src/robot/Ros-2-simulated-robot./src/drive_to_point/src/drive_point.cpp:11:113:[m[K [01;36m[Knote: [m[K  â€˜[01m[Kstd::shared_ptr<rclcpp::Publisher<nav2_msgs::action::NavigateToPose, std::allocator<void> > >[m[Kâ€™ is not derived from â€˜[01m[Kstd::unique_ptr<_Tp, _Dp>[m[Kâ€™
[0.946s]    11 | her<nav2_msgs::action::NavigateToPose>("/navigate_topose", 10[01;36m[K)[m[K;
[0.946s]       |                                                              [01;36m[K^[m[K
[0.946s] 
[1.603s] make[2]: *** [CMakeFiles/drive_to_point.dir/build.make:76: CMakeFiles/drive_to_point.dir/src/drive_point.cpp.o] Error 1
[1.603s] make[1]: *** [CMakeFiles/Makefile2:137: CMakeFiles/drive_to_point.dir/all] Error 2
[1.603s] make: *** [Makefile:146: all] Error 2
[1.605s] Invoked command in '/home/magnum/ros2_ws/src/robot/Ros-2-simulated-robot./src/drive_to_point/build/drive_to_point' returned '2': CMAKE_PREFIX_PATH=${CMAKE_PREFIX_PATH}:/opt/ros/foxy /usr/bin/cmake --build /home/magnum/ros2_ws/src/robot/Ros-2-simulated-robot./src/drive_to_point/build/drive_to_point -- -j8 -l8
