[0.049s] Invoking command in '/home/magnum/simuate_ws/src/robot/src/project/build/project': CMAKE_PREFIX_PATH=${CMAKE_PREFIX_PATH}:/opt/ros/foxy /usr/bin/cmake --build /home/magnum/simuate_ws/src/robot/src/project/build/project -- -j8 -l8
[0.183s] [ 25%] Built target project
[0.215s] [ 37%] [32mBuilding CXX object CMakeFiles/avoid_obstacle.dir/src/avoid_obstacle.cpp.o[0m
[2.524s] [01m[K/home/magnum/simuate_ws/src/robot/src/project/src/avoid_obstacle.cpp:47:66:[m[K [01;31m[Kerror: [m[Kexpected â€˜[01m[K;[m[Kâ€™ at end of member declaration
[2.524s]    47 |     rclcpp::Subscription<sensor_msgs::msg::LaserScan>::SharedPtr [01;31m[Klaser_sub[m[K
[2.524s]       |                                                                  [01;31m[K^~~~~~~~~[m[K
[2.524s]       |                                                                           [32m[K;[m[K
[5.129s] make[2]: *** [CMakeFiles/avoid_obstacle.dir/build.make:76: CMakeFiles/avoid_obstacle.dir/src/avoid_obstacle.cpp.o] Error 1
[5.130s] make[1]: *** [CMakeFiles/Makefile2:221: CMakeFiles/avoid_obstacle.dir/all] Error 2
[5.130s] make: *** [Makefile:146: all] Error 2
[5.136s] Invoked command in '/home/magnum/simuate_ws/src/robot/src/project/build/project' returned '2': CMAKE_PREFIX_PATH=${CMAKE_PREFIX_PATH}:/opt/ros/foxy /usr/bin/cmake --build /home/magnum/simuate_ws/src/robot/src/project/build/project -- -j8 -l8
